2025-04-17 23:25:20,368 - telegram.ext.dispatcher - DEBUG - Setting singleton dispatcher as <telegram.ext.dispatcher.Dispatcher object at 0x000001FDEF95C120>
2025-04-17 23:25:20,368 - apscheduler.scheduler - INFO - Scheduler started
2025-04-17 23:25:20,368 - apscheduler.scheduler - DEBUG - Looking for jobs to run
2025-04-17 23:25:20,368 - telegram.bot - DEBUG - Entering: get_me
2025-04-17 23:25:20,368 - apscheduler.scheduler - DEBUG - No jobs; waiting until a job is added
2025-04-17 23:25:20,368 - urllib3.connectionpool - DEBUG - Starting new HTTPS connection (1): api.telegram.org:443
2025-04-17 23:25:21,684 - urllib3.connectionpool - DEBUG - https://api.telegram.org:443 "POST /bot8173338125:AAHhqToLjhSy5Fd6xphq_iwaKNFF0CnJg1g/getMe HTTP/1.1" 200 265
2025-04-17 23:25:21,684 - telegram.bot - DEBUG - {'id': 8173338125, 'first_name': 'ElephantAlertBot', 'can_join_groups': True, 'can_read_all_group_messages': False, 'supports_inline_queries': False, 'username': 'wildlifethirdeyebot', 'is_bot': True}
2025-04-17 23:25:21,684 - telegram.bot - DEBUG - Exiting: get_me
2025-04-17 23:25:21,684 - telegram.ext.updater - DEBUG - Bot:8173338125:dispatcher - started
2025-04-17 23:25:21,684 - telegram.ext.updater - DEBUG - Bot:8173338125:updater - started
2025-04-17 23:25:21,684 - telegram.ext.updater - DEBUG - Waiting for Dispatcher and polling to start
2025-04-17 23:25:21,684 - telegram.ext.updater - DEBUG - Updater thread started (polling)
2025-04-17 23:25:21,684 - telegram.ext.updater - DEBUG - Start network loop retry bootstrap del webhook
2025-04-17 23:25:21,684 - telegram.ext.updater - DEBUG - Deleting webhook
2025-04-17 23:25:21,699 - telegram.ext.dispatcher - DEBUG - Dispatcher started
2025-04-17 23:25:21,699 - telegram.bot - DEBUG - Entering: delete_webhook
2025-04-17 23:25:21,958 - urllib3.connectionpool - DEBUG - https://api.telegram.org:443 "POST /bot8173338125:AAHhqToLjhSy5Fd6xphq_iwaKNFF0CnJg1g/deleteWebhook HTTP/1.1" 200 68
2025-04-17 23:25:21,962 - telegram.bot - DEBUG - True
2025-04-17 23:25:21,962 - telegram.bot - DEBUG - Exiting: delete_webhook
2025-04-17 23:25:21,962 - telegram.ext.updater - DEBUG - Bootstrap done
2025-04-17 23:25:21,962 - telegram.ext.updater - DEBUG - Start network loop retry getting Updates
2025-04-17 23:25:21,965 - telegram.bot - DEBUG - Entering: get_updates
2025-04-17 23:25:32,220 - urllib3.connectionpool - DEBUG - https://api.telegram.org:443 "POST /bot8173338125:AAHhqToLjhSy5Fd6xphq_iwaKNFF0CnJg1g/getUpdates HTTP/1.1" 200 23
2025-04-17 23:25:32,220 - telegram.bot - DEBUG - No new updates found.
2025-04-17 23:25:32,220 - telegram.bot - DEBUG - []
2025-04-17 23:25:32,220 - telegram.bot - DEBUG - Exiting: get_updates
2025-04-17 23:25:32,220 - telegram.bot - DEBUG - Entering: get_updates
2025-04-17 23:25:42,491 - urllib3.connectionpool - DEBUG - https://api.telegram.org:443 "POST /bot8173338125:AAHhqToLjhSy5Fd6xphq_iwaKNFF0CnJg1g/getUpdates HTTP/1.1" 200 23
2025-04-17 23:25:42,491 - telegram.bot - DEBUG - No new updates found.
2025-04-17 23:25:42,491 - telegram.bot - DEBUG - []
2025-04-17 23:25:42,495 - telegram.bot - DEBUG - Exiting: get_updates
2025-04-17 23:25:42,495 - telegram.bot - DEBUG - Entering: get_updates
2025-04-17 23:25:52,775 - urllib3.connectionpool - DEBUG - https://api.telegram.org:443 "POST /bot8173338125:AAHhqToLjhSy5Fd6xphq_iwaKNFF0CnJg1g/getUpdates HTTP/1.1" 200 23
2025-04-17 23:25:52,777 - telegram.bot - DEBUG - No new updates found.
2025-04-17 23:25:52,778 - telegram.bot - DEBUG - []
2025-04-17 23:25:52,778 - telegram.bot - DEBUG - Exiting: get_updates
2025-04-17 23:25:52,779 - telegram.bot - DEBUG - Entering: get_updates
2025-04-17 23:26:03,110 - urllib3.connectionpool - DEBUG - https://api.telegram.org:443 "POST /bot8173338125:AAHhqToLjhSy5Fd6xphq_iwaKNFF0CnJg1g/getUpdates HTTP/1.1" 200 23
2025-04-17 23:26:03,120 - telegram.bot - DEBUG - No new updates found.
2025-04-17 23:26:03,120 - telegram.bot - DEBUG - []
2025-04-17 23:26:03,120 - telegram.bot - DEBUG - Exiting: get_updates
2025-04-17 23:26:03,120 - telegram.bot - DEBUG - Entering: get_updates
2025-04-17 23:26:13,453 - urllib3.connectionpool - DEBUG - https://api.telegram.org:443 "POST /bot8173338125:AAHhqToLjhSy5Fd6xphq_iwaKNFF0CnJg1g/getUpdates HTTP/1.1" 200 23
2025-04-17 23:26:13,453 - telegram.bot - DEBUG - No new updates found.
2025-04-17 23:26:13,453 - telegram.bot - DEBUG - []
2025-04-17 23:26:13,453 - telegram.bot - DEBUG - Exiting: get_updates
2025-04-17 23:26:13,464 - telegram.bot - DEBUG - Entering: get_updates
2025-04-17 23:26:23,855 - urllib3.connectionpool - DEBUG - https://api.telegram.org:443 "POST /bot8173338125:AAHhqToLjhSy5Fd6xphq_iwaKNFF0CnJg1g/getUpdates HTTP/1.1" 200 23
2025-04-17 23:26:23,855 - telegram.bot - DEBUG - No new updates found.
2025-04-17 23:26:23,855 - telegram.bot - DEBUG - []
2025-04-17 23:26:23,858 - telegram.bot - DEBUG - Exiting: get_updates
2025-04-17 23:26:23,858 - telegram.bot - DEBUG - Entering: get_updates
2025-04-17 23:26:34,141 - urllib3.connectionpool - DEBUG - https://api.telegram.org:443 "POST /bot8173338125:AAHhqToLjhSy5Fd6xphq_iwaKNFF0CnJg1g/getUpdates HTTP/1.1" 200 23
2025-04-17 23:26:34,148 - telegram.bot - DEBUG - No new updates found.
2025-04-17 23:26:34,148 - telegram.bot - DEBUG - []
2025-04-17 23:26:34,148 - telegram.bot - DEBUG - Exiting: get_updates
2025-04-17 23:26:34,148 - telegram.bot - DEBUG - Entering: get_updates
2025-04-17 23:26:44,593 - urllib3.connectionpool - DEBUG - https://api.telegram.org:443 "POST /bot8173338125:AAHhqToLjhSy5Fd6xphq_iwaKNFF0CnJg1g/getUpdates HTTP/1.1" 200 23
2025-04-17 23:26:44,593 - telegram.bot - DEBUG - No new updates found.
2025-04-17 23:26:44,595 - telegram.bot - DEBUG - []
2025-04-17 23:26:44,595 - telegram.bot - DEBUG - Exiting: get_updates
2025-04-17 23:26:44,595 - telegram.bot - DEBUG - Entering: get_updates
2025-04-17 23:26:54,932 - urllib3.connectionpool - DEBUG - https://api.telegram.org:443 "POST /bot8173338125:AAHhqToLjhSy5Fd6xphq_iwaKNFF0CnJg1g/getUpdates HTTP/1.1" 200 23
2025-04-17 23:26:54,932 - telegram.bot - DEBUG - No new updates found.
2025-04-17 23:26:54,932 - telegram.bot - DEBUG - []
2025-04-17 23:26:54,932 - telegram.bot - DEBUG - Exiting: get_updates
2025-04-17 23:26:54,932 - telegram.bot - DEBUG - Entering: get_updates
2025-04-17 23:27:05,435 - urllib3.connectionpool - DEBUG - https://api.telegram.org:443 "POST /bot8173338125:AAHhqToLjhSy5Fd6xphq_iwaKNFF0CnJg1g/getUpdates HTTP/1.1" 200 23
2025-04-17 23:27:05,435 - telegram.bot - DEBUG - No new updates found.
2025-04-17 23:27:05,435 - telegram.bot - DEBUG - []
2025-04-17 23:27:05,448 - telegram.bot - DEBUG - Exiting: get_updates
2025-04-17 23:27:05,448 - telegram.bot - DEBUG - Entering: get_updates
2025-04-17 23:27:15,820 - urllib3.connectionpool - DEBUG - https://api.telegram.org:443 "POST /bot8173338125:AAHhqToLjhSy5Fd6xphq_iwaKNFF0CnJg1g/getUpdates HTTP/1.1" 200 23
2025-04-17 23:27:15,820 - telegram.bot - DEBUG - No new updates found.
2025-04-17 23:27:15,820 - telegram.bot - DEBUG - []
2025-04-17 23:27:15,820 - telegram.bot - DEBUG - Exiting: get_updates
2025-04-17 23:27:15,820 - telegram.bot - DEBUG - Entering: get_updates
2025-04-17 23:27:26,150 - urllib3.connectionpool - DEBUG - https://api.telegram.org:443 "POST /bot8173338125:AAHhqToLjhSy5Fd6xphq_iwaKNFF0CnJg1g/getUpdates HTTP/1.1" 200 23
2025-04-17 23:27:26,150 - telegram.bot - DEBUG - No new updates found.
2025-04-17 23:27:26,150 - telegram.bot - DEBUG - []
2025-04-17 23:27:26,150 - telegram.bot - DEBUG - Exiting: get_updates
2025-04-17 23:27:26,160 - telegram.bot - DEBUG - Entering: get_updates
2025-04-17 23:27:36,433 - urllib3.connectionpool - DEBUG - https://api.telegram.org:443 "POST /bot8173338125:AAHhqToLjhSy5Fd6xphq_iwaKNFF0CnJg1g/getUpdates HTTP/1.1" 200 23
2025-04-17 23:27:36,433 - telegram.bot - DEBUG - No new updates found.
2025-04-17 23:27:36,433 - telegram.bot - DEBUG - []
2025-04-17 23:27:36,433 - telegram.bot - DEBUG - Exiting: get_updates
2025-04-17 23:27:36,436 - telegram.bot - DEBUG - Entering: get_updates
2025-04-17 23:27:46,686 - urllib3.connectionpool - DEBUG - https://api.telegram.org:443 "POST /bot8173338125:AAHhqToLjhSy5Fd6xphq_iwaKNFF0CnJg1g/getUpdates HTTP/1.1" 200 23
2025-04-17 23:27:46,686 - telegram.bot - DEBUG - No new updates found.
2025-04-17 23:27:46,686 - telegram.bot - DEBUG - []
2025-04-17 23:27:46,702 - telegram.bot - DEBUG - Exiting: get_updates
2025-04-17 23:27:46,702 - telegram.bot - DEBUG - Entering: get_updates
2025-04-17 23:27:56,965 - urllib3.connectionpool - DEBUG - https://api.telegram.org:443 "POST /bot8173338125:AAHhqToLjhSy5Fd6xphq_iwaKNFF0CnJg1g/getUpdates HTTP/1.1" 200 23
2025-04-17 23:27:56,967 - telegram.bot - DEBUG - No new updates found.
2025-04-17 23:27:56,967 - telegram.bot - DEBUG - []
2025-04-17 23:27:56,969 - telegram.bot - DEBUG - Exiting: get_updates
2025-04-17 23:27:56,969 - telegram.bot - DEBUG - Entering: get_updates
2025-04-17 23:28:07,238 - urllib3.connectionpool - DEBUG - https://api.telegram.org:443 "POST /bot8173338125:AAHhqToLjhSy5Fd6xphq_iwaKNFF0CnJg1g/getUpdates HTTP/1.1" 200 23
2025-04-17 23:28:07,238 - telegram.bot - DEBUG - No new updates found.
2025-04-17 23:28:07,238 - telegram.bot - DEBUG - []
2025-04-17 23:28:07,238 - telegram.bot - DEBUG - Exiting: get_updates
2025-04-17 23:28:07,238 - telegram.bot - DEBUG - Entering: get_updates
2025-04-17 23:28:17,507 - urllib3.connectionpool - DEBUG - https://api.telegram.org:443 "POST /bot8173338125:AAHhqToLjhSy5Fd6xphq_iwaKNFF0CnJg1g/getUpdates HTTP/1.1" 200 23
2025-04-17 23:28:17,509 - telegram.bot - DEBUG - No new updates found.
2025-04-17 23:28:17,509 - telegram.bot - DEBUG - []
2025-04-17 23:28:17,509 - telegram.bot - DEBUG - Exiting: get_updates
2025-04-17 23:28:17,509 - telegram.bot - DEBUG - Entering: get_updates
2025-04-17 23:28:27,809 - urllib3.connectionpool - DEBUG - https://api.telegram.org:443 "POST /bot8173338125:AAHhqToLjhSy5Fd6xphq_iwaKNFF0CnJg1g/getUpdates HTTP/1.1" 200 23
2025-04-17 23:28:27,809 - telegram.bot - DEBUG - No new updates found.
2025-04-17 23:28:27,809 - telegram.bot - DEBUG - []
2025-04-17 23:28:27,809 - telegram.bot - DEBUG - Exiting: get_updates
2025-04-17 23:28:27,809 - telegram.bot - DEBUG - Entering: get_updates
2025-04-17 23:28:38,151 - urllib3.connectionpool - DEBUG - https://api.telegram.org:443 "POST /bot8173338125:AAHhqToLjhSy5Fd6xphq_iwaKNFF0CnJg1g/getUpdates HTTP/1.1" 200 23
2025-04-17 23:28:38,151 - telegram.bot - DEBUG - No new updates found.
2025-04-17 23:28:38,151 - telegram.bot - DEBUG - []
2025-04-17 23:28:38,151 - telegram.bot - DEBUG - Exiting: get_updates
2025-04-17 23:28:38,151 - telegram.bot - DEBUG - Entering: get_updates
2025-04-17 23:28:48,483 - urllib3.connectionpool - DEBUG - https://api.telegram.org:443 "POST /bot8173338125:AAHhqToLjhSy5Fd6xphq_iwaKNFF0CnJg1g/getUpdates HTTP/1.1" 200 23
2025-04-17 23:28:48,483 - telegram.bot - DEBUG - No new updates found.
2025-04-17 23:28:48,483 - telegram.bot - DEBUG - []
2025-04-17 23:28:48,483 - telegram.bot - DEBUG - Exiting: get_updates
2025-04-17 23:28:48,483 - telegram.bot - DEBUG - Entering: get_updates
2025-04-17 23:28:58,879 - urllib3.connectionpool - DEBUG - https://api.telegram.org:443 "POST /bot8173338125:AAHhqToLjhSy5Fd6xphq_iwaKNFF0CnJg1g/getUpdates HTTP/1.1" 200 23
2025-04-17 23:28:58,879 - telegram.bot - DEBUG - No new updates found.
2025-04-17 23:28:58,879 - telegram.bot - DEBUG - []
2025-04-17 23:28:58,879 - telegram.bot - DEBUG - Exiting: get_updates
2025-04-17 23:28:58,879 - telegram.bot - DEBUG - Entering: get_updates
2025-04-17 23:29:09,281 - urllib3.connectionpool - DEBUG - https://api.telegram.org:443 "POST /bot8173338125:AAHhqToLjhSy5Fd6xphq_iwaKNFF0CnJg1g/getUpdates HTTP/1.1" 200 23
2025-04-17 23:29:09,283 - telegram.bot - DEBUG - No new updates found.
2025-04-17 23:29:09,283 - telegram.bot - DEBUG - []
2025-04-17 23:29:09,285 - telegram.bot - DEBUG - Exiting: get_updates
2025-04-17 23:29:09,285 - telegram.bot - DEBUG - Entering: get_updates
2025-04-17 23:29:19,550 - urllib3.connectionpool - DEBUG - https://api.telegram.org:443 "POST /bot8173338125:AAHhqToLjhSy5Fd6xphq_iwaKNFF0CnJg1g/getUpdates HTTP/1.1" 200 23
2025-04-17 23:29:19,550 - telegram.bot - DEBUG - No new updates found.
2025-04-17 23:29:19,550 - telegram.bot - DEBUG - []
2025-04-17 23:29:19,550 - telegram.bot - DEBUG - Exiting: get_updates
2025-04-17 23:29:19,550 - telegram.bot - DEBUG - Entering: get_updates
2025-04-17 23:29:29,856 - urllib3.connectionpool - DEBUG - https://api.telegram.org:443 "POST /bot8173338125:AAHhqToLjhSy5Fd6xphq_iwaKNFF0CnJg1g/getUpdates HTTP/1.1" 200 23
2025-04-17 23:29:29,866 - telegram.bot - DEBUG - No new updates found.
2025-04-17 23:29:29,866 - telegram.bot - DEBUG - []
2025-04-17 23:29:29,868 - telegram.bot - DEBUG - Exiting: get_updates
2025-04-17 23:29:29,868 - telegram.bot - DEBUG - Entering: get_updates
2025-04-17 23:29:40,133 - urllib3.connectionpool - DEBUG - https://api.telegram.org:443 "POST /bot8173338125:AAHhqToLjhSy5Fd6xphq_iwaKNFF0CnJg1g/getUpdates HTTP/1.1" 200 23
2025-04-17 23:29:40,133 - telegram.bot - DEBUG - No new updates found.
2025-04-17 23:29:40,133 - telegram.bot - DEBUG - []
2025-04-17 23:29:40,133 - telegram.bot - DEBUG - Exiting: get_updates
2025-04-17 23:29:40,133 - telegram.bot - DEBUG - Entering: get_updates
2025-04-17 23:29:50,442 - urllib3.connectionpool - DEBUG - https://api.telegram.org:443 "POST /bot8173338125:AAHhqToLjhSy5Fd6xphq_iwaKNFF0CnJg1g/getUpdates HTTP/1.1" 200 23
2025-04-17 23:29:50,442 - telegram.bot - DEBUG - No new updates found.
2025-04-17 23:29:50,442 - telegram.bot - DEBUG - []
2025-04-17 23:29:50,442 - telegram.bot - DEBUG - Exiting: get_updates
2025-04-17 23:29:50,442 - telegram.bot - DEBUG - Entering: get_updates
2025-04-17 23:30:00,780 - urllib3.connectionpool - DEBUG - https://api.telegram.org:443 "POST /bot8173338125:AAHhqToLjhSy5Fd6xphq_iwaKNFF0CnJg1g/getUpdates HTTP/1.1" 200 23
2025-04-17 23:30:00,792 - telegram.bot - DEBUG - No new updates found.
2025-04-17 23:30:00,793 - telegram.bot - DEBUG - []
2025-04-17 23:30:00,793 - telegram.bot - DEBUG - Exiting: get_updates
2025-04-17 23:30:00,795 - telegram.bot - DEBUG - Entering: get_updates
2025-04-17 23:30:11,130 - urllib3.connectionpool - DEBUG - https://api.telegram.org:443 "POST /bot8173338125:AAHhqToLjhSy5Fd6xphq_iwaKNFF0CnJg1g/getUpdates HTTP/1.1" 200 23
2025-04-17 23:30:11,130 - telegram.bot - DEBUG - No new updates found.
2025-04-17 23:30:11,130 - telegram.bot - DEBUG - []
2025-04-17 23:30:11,130 - telegram.bot - DEBUG - Exiting: get_updates
2025-04-17 23:30:11,135 - telegram.bot - DEBUG - Entering: get_updates
2025-04-17 23:30:21,399 - urllib3.connectionpool - DEBUG - https://api.telegram.org:443 "POST /bot8173338125:AAHhqToLjhSy5Fd6xphq_iwaKNFF0CnJg1g/getUpdates HTTP/1.1" 200 23
2025-04-17 23:30:21,399 - telegram.bot - DEBUG - No new updates found.
2025-04-17 23:30:21,399 - telegram.bot - DEBUG - []
2025-04-17 23:30:21,399 - telegram.bot - DEBUG - Exiting: get_updates
2025-04-17 23:30:21,402 - telegram.bot - DEBUG - Entering: get_updates
2025-04-17 23:30:31,702 - urllib3.connectionpool - DEBUG - https://api.telegram.org:443 "POST /bot8173338125:AAHhqToLjhSy5Fd6xphq_iwaKNFF0CnJg1g/getUpdates HTTP/1.1" 200 23
2025-04-17 23:30:31,702 - telegram.bot - DEBUG - No new updates found.
2025-04-17 23:30:31,702 - telegram.bot - DEBUG - []
2025-04-17 23:30:31,702 - telegram.bot - DEBUG - Exiting: get_updates
2025-04-17 23:30:31,702 - telegram.bot - DEBUG - Entering: get_updates
2025-04-17 23:30:41,967 - urllib3.connectionpool - DEBUG - https://api.telegram.org:443 "POST /bot8173338125:AAHhqToLjhSy5Fd6xphq_iwaKNFF0CnJg1g/getUpdates HTTP/1.1" 200 23
2025-04-17 23:30:41,967 - telegram.bot - DEBUG - No new updates found.
2025-04-17 23:30:41,967 - telegram.bot - DEBUG - []
2025-04-17 23:30:41,967 - telegram.bot - DEBUG - Exiting: get_updates
2025-04-17 23:30:41,981 - telegram.bot - DEBUG - Entering: get_updates
2025-04-17 23:30:52,298 - urllib3.connectionpool - DEBUG - https://api.telegram.org:443 "POST /bot8173338125:AAHhqToLjhSy5Fd6xphq_iwaKNFF0CnJg1g/getUpdates HTTP/1.1" 200 23
2025-04-17 23:30:52,298 - telegram.bot - DEBUG - No new updates found.
2025-04-17 23:30:52,298 - telegram.bot - DEBUG - []
2025-04-17 23:30:52,298 - telegram.bot - DEBUG - Exiting: get_updates
2025-04-17 23:30:52,298 - telegram.bot - DEBUG - Entering: get_updates
2025-04-17 23:31:02,636 - urllib3.connectionpool - DEBUG - https://api.telegram.org:443 "POST /bot8173338125:AAHhqToLjhSy5Fd6xphq_iwaKNFF0CnJg1g/getUpdates HTTP/1.1" 200 23
2025-04-17 23:31:02,645 - telegram.bot - DEBUG - No new updates found.
2025-04-17 23:31:02,645 - telegram.bot - DEBUG - []
2025-04-17 23:31:02,647 - telegram.bot - DEBUG - Exiting: get_updates
2025-04-17 23:31:02,647 - telegram.bot - DEBUG - Entering: get_updates
2025-04-17 23:31:12,981 - urllib3.connectionpool - DEBUG - https://api.telegram.org:443 "POST /bot8173338125:AAHhqToLjhSy5Fd6xphq_iwaKNFF0CnJg1g/getUpdates HTTP/1.1" 200 23
2025-04-17 23:31:12,983 - telegram.bot - DEBUG - No new updates found.
2025-04-17 23:31:12,985 - telegram.bot - DEBUG - []
2025-04-17 23:31:12,985 - telegram.bot - DEBUG - Exiting: get_updates
2025-04-17 23:31:12,985 - telegram.bot - DEBUG - Entering: get_updates
2025-04-17 23:31:23,320 - urllib3.connectionpool - DEBUG - https://api.telegram.org:443 "POST /bot8173338125:AAHhqToLjhSy5Fd6xphq_iwaKNFF0CnJg1g/getUpdates HTTP/1.1" 200 23
2025-04-17 23:31:23,320 - telegram.bot - DEBUG - No new updates found.
2025-04-17 23:31:23,320 - telegram.bot - DEBUG - []
2025-04-17 23:31:23,320 - telegram.bot - DEBUG - Exiting: get_updates
2025-04-17 23:31:23,323 - telegram.bot - DEBUG - Entering: get_updates
2025-04-17 23:31:33,622 - urllib3.connectionpool - DEBUG - https://api.telegram.org:443 "POST /bot8173338125:AAHhqToLjhSy5Fd6xphq_iwaKNFF0CnJg1g/getUpdates HTTP/1.1" 200 23
2025-04-17 23:31:33,622 - telegram.bot - DEBUG - No new updates found.
2025-04-17 23:31:33,630 - telegram.bot - DEBUG - []
2025-04-17 23:31:33,630 - telegram.bot - DEBUG - Exiting: get_updates
2025-04-17 23:31:33,632 - telegram.bot - DEBUG - Entering: get_updates
2025-04-17 23:31:43,998 - urllib3.connectionpool - DEBUG - https://api.telegram.org:443 "POST /bot8173338125:AAHhqToLjhSy5Fd6xphq_iwaKNFF0CnJg1g/getUpdates HTTP/1.1" 200 23
2025-04-17 23:31:43,998 - telegram.bot - DEBUG - No new updates found.
2025-04-17 23:31:43,998 - telegram.bot - DEBUG - []
2025-04-17 23:31:44,012 - telegram.bot - DEBUG - Exiting: get_updates
2025-04-17 23:31:44,012 - telegram.bot - DEBUG - Entering: get_updates
2025-04-17 23:31:54,273 - urllib3.connectionpool - DEBUG - https://api.telegram.org:443 "POST /bot8173338125:AAHhqToLjhSy5Fd6xphq_iwaKNFF0CnJg1g/getUpdates HTTP/1.1" 200 23
2025-04-17 23:31:54,273 - telegram.bot - DEBUG - No new updates found.
2025-04-17 23:31:54,273 - telegram.bot - DEBUG - []
2025-04-17 23:31:54,273 - telegram.bot - DEBUG - Exiting: get_updates
2025-04-17 23:31:54,278 - telegram.bot - DEBUG - Entering: get_updates
2025-04-17 23:32:04,568 - urllib3.connectionpool - DEBUG - https://api.telegram.org:443 "POST /bot8173338125:AAHhqToLjhSy5Fd6xphq_iwaKNFF0CnJg1g/getUpdates HTTP/1.1" 200 23
2025-04-17 23:32:04,568 - telegram.bot - DEBUG - No new updates found.
2025-04-17 23:32:04,573 - telegram.bot - DEBUG - []
2025-04-17 23:32:04,573 - telegram.bot - DEBUG - Exiting: get_updates
2025-04-17 23:32:04,573 - telegram.bot - DEBUG - Entering: get_updates
2025-04-17 23:32:14,930 - urllib3.connectionpool - DEBUG - https://api.telegram.org:443 "POST /bot8173338125:AAHhqToLjhSy5Fd6xphq_iwaKNFF0CnJg1g/getUpdates HTTP/1.1" 200 23
2025-04-17 23:32:14,930 - telegram.bot - DEBUG - No new updates found.
2025-04-17 23:32:14,930 - telegram.bot - DEBUG - []
2025-04-17 23:32:14,930 - telegram.bot - DEBUG - Exiting: get_updates
2025-04-17 23:32:14,930 - telegram.bot - DEBUG - Entering: get_updates
2025-04-17 23:32:25,276 - urllib3.connectionpool - DEBUG - https://api.telegram.org:443 "POST /bot8173338125:AAHhqToLjhSy5Fd6xphq_iwaKNFF0CnJg1g/getUpdates HTTP/1.1" 200 23
2025-04-17 23:32:25,276 - telegram.bot - DEBUG - No new updates found.
2025-04-17 23:32:25,276 - telegram.bot - DEBUG - []
2025-04-17 23:32:25,276 - telegram.bot - DEBUG - Exiting: get_updates
2025-04-17 23:32:25,276 - telegram.bot - DEBUG - Entering: get_updates
2025-04-17 23:32:35,550 - urllib3.connectionpool - DEBUG - https://api.telegram.org:443 "POST /bot8173338125:AAHhqToLjhSy5Fd6xphq_iwaKNFF0CnJg1g/getUpdates HTTP/1.1" 200 23
2025-04-17 23:32:35,550 - telegram.bot - DEBUG - No new updates found.
2025-04-17 23:32:35,553 - telegram.bot - DEBUG - []
2025-04-17 23:32:35,554 - telegram.bot - DEBUG - Exiting: get_updates
2025-04-17 23:32:35,554 - telegram.bot - DEBUG - Entering: get_updates
2025-04-17 23:32:45,861 - urllib3.connectionpool - DEBUG - https://api.telegram.org:443 "POST /bot8173338125:AAHhqToLjhSy5Fd6xphq_iwaKNFF0CnJg1g/getUpdates HTTP/1.1" 200 23
2025-04-17 23:32:45,862 - telegram.bot - DEBUG - No new updates found.
2025-04-17 23:32:45,862 - telegram.bot - DEBUG - []
2025-04-17 23:32:45,862 - telegram.bot - DEBUG - Exiting: get_updates
2025-04-17 23:32:45,862 - telegram.bot - DEBUG - Entering: get_updates
2025-04-17 23:32:56,196 - urllib3.connectionpool - DEBUG - https://api.telegram.org:443 "POST /bot8173338125:AAHhqToLjhSy5Fd6xphq_iwaKNFF0CnJg1g/getUpdates HTTP/1.1" 200 23
2025-04-17 23:32:56,204 - telegram.bot - DEBUG - No new updates found.
2025-04-17 23:32:56,205 - telegram.bot - DEBUG - []
2025-04-17 23:32:56,205 - telegram.bot - DEBUG - Exiting: get_updates
2025-04-17 23:32:56,205 - telegram.bot - DEBUG - Entering: get_updates
2025-04-17 23:33:06,468 - urllib3.connectionpool - DEBUG - https://api.telegram.org:443 "POST /bot8173338125:AAHhqToLjhSy5Fd6xphq_iwaKNFF0CnJg1g/getUpdates HTTP/1.1" 200 23
2025-04-17 23:33:06,471 - telegram.bot - DEBUG - No new updates found.
2025-04-17 23:33:06,471 - telegram.bot - DEBUG - []
2025-04-17 23:33:06,471 - telegram.bot - DEBUG - Exiting: get_updates
2025-04-17 23:33:06,471 - telegram.bot - DEBUG - Entering: get_updates
2025-04-17 23:33:16,786 - urllib3.connectionpool - DEBUG - https://api.telegram.org:443 "POST /bot8173338125:AAHhqToLjhSy5Fd6xphq_iwaKNFF0CnJg1g/getUpdates HTTP/1.1" 200 23
2025-04-17 23:33:16,788 - telegram.bot - DEBUG - No new updates found.
2025-04-17 23:33:16,788 - telegram.bot - DEBUG - []
2025-04-17 23:33:16,788 - telegram.bot - DEBUG - Exiting: get_updates
2025-04-17 23:33:16,788 - telegram.bot - DEBUG - Entering: get_updates
2025-04-17 23:33:27,126 - urllib3.connectionpool - DEBUG - https://api.telegram.org:443 "POST /bot8173338125:AAHhqToLjhSy5Fd6xphq_iwaKNFF0CnJg1g/getUpdates HTTP/1.1" 200 23
2025-04-17 23:33:27,131 - telegram.bot - DEBUG - No new updates found.
2025-04-17 23:33:27,131 - telegram.bot - DEBUG - []
2025-04-17 23:33:27,131 - telegram.bot - DEBUG - Exiting: get_updates
2025-04-17 23:33:27,131 - telegram.bot - DEBUG - Entering: get_updates
2025-04-17 23:33:37,471 - urllib3.connectionpool - DEBUG - https://api.telegram.org:443 "POST /bot8173338125:AAHhqToLjhSy5Fd6xphq_iwaKNFF0CnJg1g/getUpdates HTTP/1.1" 200 23
2025-04-17 23:33:37,473 - telegram.bot - DEBUG - No new updates found.
2025-04-17 23:33:37,473 - telegram.bot - DEBUG - []
2025-04-17 23:33:37,473 - telegram.bot - DEBUG - Exiting: get_updates
2025-04-17 23:33:37,473 - telegram.bot - DEBUG - Entering: get_updates
2025-04-17 23:33:47,093 - urllib3.connectionpool - DEBUG - https://api.telegram.org:443 "POST /bot8173338125:AAHhqToLjhSy5Fd6xphq_iwaKNFF0CnJg1g/getUpdates HTTP/1.1" 200 351
2025-04-17 23:33:47,093 - telegram.bot - DEBUG - Getting updates: [833527563]
2025-04-17 23:33:47,100 - telegram.bot - DEBUG - [<telegram.update.Update object at 0x000001FDEF8C9010>]
2025-04-17 23:33:47,100 - telegram.bot - DEBUG - Exiting: get_updates
2025-04-17 23:33:47,100 - telegram.bot - DEBUG - Entering: get_updates
2025-04-17 23:33:47,100 - telegram.ext.dispatcher - DEBUG - Processing Update: {'update_id': 833527563, 'message': {'new_chat_members': [], 'date': 1744913026, 'new_chat_photo': [], 'delete_chat_photo': False, 'supergroup_chat_created': False, 'photo': [], 'caption_entities': [], 'group_chat_created': False, 'entities': [{'length': 6, 'offset': 0, 'type': 'bot_command'}], 'chat': {'first_name': 'Fiza', 'last_name': 'Haneen', 'type': 'private', 'id': 1851147300}, 'channel_chat_created': False, 'text': '/start', 'message_id': 9, 'from': {'id': 1851147300, 'first_name': 'Fiza', 'last_name': 'Haneen', 'language_code': 'en', 'is_bot': False}}}
2025-04-17 23:33:47,103 - root - INFO - 
========================================
2025-04-17 23:33:47,103 - root - INFO - SUCCESS! CHAT ID FOUND: 1851147300
2025-04-17 23:33:47,103 - root - INFO - User: Fiza (ID: 1851147300)
2025-04-17 23:33:47,103 - root - INFO - ========================================

2025-04-17 23:33:47,108 - telegram.bot - DEBUG - Entering: send_message
2025-04-17 23:33:47,109 - urllib3.connectionpool - DEBUG - Starting new HTTPS connection (2): api.telegram.org:443
2025-04-17 23:33:49,075 - urllib3.connectionpool - DEBUG - https://api.telegram.org:443 "POST /bot8173338125:AAHhqToLjhSy5Fd6xphq_iwaKNFF0CnJg1g/sendMessage HTTP/1.1" 200 431
2025-04-17 23:33:49,433 - telegram.bot - DEBUG - Exiting: send_message
2025-04-17 23:33:57,367 - urllib3.connectionpool - DEBUG - https://api.telegram.org:443 "POST /bot8173338125:AAHhqToLjhSy5Fd6xphq_iwaKNFF0CnJg1g/getUpdates HTTP/1.1" 200 23
2025-04-17 23:33:57,368 - telegram.bot - DEBUG - No new updates found.
2025-04-17 23:33:57,368 - telegram.bot - DEBUG - []
2025-04-17 23:33:57,368 - telegram.bot - DEBUG - Exiting: get_updates
2025-04-17 23:33:57,368 - telegram.bot - DEBUG - Entering: get_updates
2025-04-17 23:34:07,676 - urllib3.connectionpool - DEBUG - https://api.telegram.org:443 "POST /bot8173338125:AAHhqToLjhSy5Fd6xphq_iwaKNFF0CnJg1g/getUpdates HTTP/1.1" 200 23
2025-04-17 23:34:07,676 - telegram.bot - DEBUG - No new updates found.
2025-04-17 23:34:07,683 - telegram.bot - DEBUG - []
2025-04-17 23:34:07,683 - telegram.bot - DEBUG - Exiting: get_updates
2025-04-17 23:34:07,685 - telegram.bot - DEBUG - Entering: get_updates
2025-04-17 23:34:18,421 - urllib3.connectionpool - DEBUG - https://api.telegram.org:443 "POST /bot8173338125:AAHhqToLjhSy5Fd6xphq_iwaKNFF0CnJg1g/getUpdates HTTP/1.1" 200 23
2025-04-17 23:34:18,421 - telegram.bot - DEBUG - No new updates found.
2025-04-17 23:34:18,421 - telegram.bot - DEBUG - []
2025-04-17 23:34:18,421 - telegram.bot - DEBUG - Exiting: get_updates
2025-04-17 23:34:18,421 - telegram.bot - DEBUG - Entering: get_updates
2025-04-17 23:34:28,907 - urllib3.connectionpool - DEBUG - https://api.telegram.org:443 "POST /bot8173338125:AAHhqToLjhSy5Fd6xphq_iwaKNFF0CnJg1g/getUpdates HTTP/1.1" 200 23
2025-04-17 23:34:28,910 - telegram.bot - DEBUG - No new updates found.
2025-04-17 23:34:28,910 - telegram.bot - DEBUG - []
2025-04-17 23:34:28,910 - telegram.bot - DEBUG - Exiting: get_updates
2025-04-17 23:34:28,910 - telegram.bot - DEBUG - Entering: get_updates
2025-04-17 23:34:39,174 - urllib3.connectionpool - DEBUG - https://api.telegram.org:443 "POST /bot8173338125:AAHhqToLjhSy5Fd6xphq_iwaKNFF0CnJg1g/getUpdates HTTP/1.1" 200 23
2025-04-17 23:34:39,174 - telegram.bot - DEBUG - No new updates found.
2025-04-17 23:34:39,176 - telegram.bot - DEBUG - []
2025-04-17 23:34:39,176 - telegram.bot - DEBUG - Exiting: get_updates
2025-04-17 23:34:39,176 - telegram.bot - DEBUG - Entering: get_updates
2025-04-17 23:34:49,664 - urllib3.connectionpool - DEBUG - https://api.telegram.org:443 "POST /bot8173338125:AAHhqToLjhSy5Fd6xphq_iwaKNFF0CnJg1g/getUpdates HTTP/1.1" 200 23
2025-04-17 23:34:49,665 - telegram.bot - DEBUG - No new updates found.
2025-04-17 23:34:49,665 - telegram.bot - DEBUG - []
2025-04-17 23:34:49,667 - telegram.bot - DEBUG - Exiting: get_updates
2025-04-17 23:34:49,667 - telegram.bot - DEBUG - Entering: get_updates
2025-04-17 23:34:59,932 - urllib3.connectionpool - DEBUG - https://api.telegram.org:443 "POST /bot8173338125:AAHhqToLjhSy5Fd6xphq_iwaKNFF0CnJg1g/getUpdates HTTP/1.1" 200 23
2025-04-17 23:34:59,932 - telegram.bot - DEBUG - No new updates found.
2025-04-17 23:34:59,932 - telegram.bot - DEBUG - []
2025-04-17 23:34:59,932 - telegram.bot - DEBUG - Exiting: get_updates
2025-04-17 23:34:59,932 - telegram.bot - DEBUG - Entering: get_updates
2025-04-17 23:35:10,203 - urllib3.connectionpool - DEBUG - https://api.telegram.org:443 "POST /bot8173338125:AAHhqToLjhSy5Fd6xphq_iwaKNFF0CnJg1g/getUpdates HTTP/1.1" 200 23
2025-04-17 23:35:10,203 - telegram.bot - DEBUG - No new updates found.
2025-04-17 23:35:10,203 - telegram.bot - DEBUG - []
2025-04-17 23:35:10,203 - telegram.bot - DEBUG - Exiting: get_updates
2025-04-17 23:35:10,206 - telegram.bot - DEBUG - Entering: get_updates
2025-04-17 23:35:20,469 - urllib3.connectionpool - DEBUG - https://api.telegram.org:443 "POST /bot8173338125:AAHhqToLjhSy5Fd6xphq_iwaKNFF0CnJg1g/getUpdates HTTP/1.1" 200 23
2025-04-17 23:35:20,472 - telegram.bot - DEBUG - No new updates found.
2025-04-17 23:35:20,472 - telegram.bot - DEBUG - []
2025-04-17 23:35:20,472 - telegram.bot - DEBUG - Exiting: get_updates
2025-04-17 23:35:20,472 - telegram.bot - DEBUG - Entering: get_updates
2025-04-17 23:35:30,748 - urllib3.connectionpool - DEBUG - https://api.telegram.org:443 "POST /bot8173338125:AAHhqToLjhSy5Fd6xphq_iwaKNFF0CnJg1g/getUpdates HTTP/1.1" 200 23
2025-04-17 23:35:30,748 - telegram.bot - DEBUG - No new updates found.
2025-04-17 23:35:30,749 - telegram.bot - DEBUG - []
2025-04-17 23:35:30,749 - telegram.bot - DEBUG - Exiting: get_updates
2025-04-17 23:35:30,749 - telegram.bot - DEBUG - Entering: get_updates
2025-04-17 23:35:41,047 - urllib3.connectionpool - DEBUG - https://api.telegram.org:443 "POST /bot8173338125:AAHhqToLjhSy5Fd6xphq_iwaKNFF0CnJg1g/getUpdates HTTP/1.1" 200 23
2025-04-17 23:35:41,049 - telegram.bot - DEBUG - No new updates found.
2025-04-17 23:35:41,049 - telegram.bot - DEBUG - []
2025-04-17 23:35:41,051 - telegram.bot - DEBUG - Exiting: get_updates
2025-04-17 23:35:41,051 - telegram.bot - DEBUG - Entering: get_updates
2025-04-17 23:35:51,451 - urllib3.connectionpool - DEBUG - https://api.telegram.org:443 "POST /bot8173338125:AAHhqToLjhSy5Fd6xphq_iwaKNFF0CnJg1g/getUpdates HTTP/1.1" 200 23
2025-04-17 23:35:51,451 - telegram.bot - DEBUG - No new updates found.
2025-04-17 23:35:51,451 - telegram.bot - DEBUG - []
2025-04-17 23:35:51,451 - telegram.bot - DEBUG - Exiting: get_updates
2025-04-17 23:35:51,451 - telegram.bot - DEBUG - Entering: get_updates
2025-04-17 23:36:01,716 - urllib3.connectionpool - DEBUG - https://api.telegram.org:443 "POST /bot8173338125:AAHhqToLjhSy5Fd6xphq_iwaKNFF0CnJg1g/getUpdates HTTP/1.1" 200 23
2025-04-17 23:36:01,718 - telegram.bot - DEBUG - No new updates found.
2025-04-17 23:36:01,718 - telegram.bot - DEBUG - []
2025-04-17 23:36:01,719 - telegram.bot - DEBUG - Exiting: get_updates
2025-04-17 23:36:01,719 - telegram.bot - DEBUG - Entering: get_updates
2025-04-17 23:36:11,985 - urllib3.connectionpool - DEBUG - https://api.telegram.org:443 "POST /bot8173338125:AAHhqToLjhSy5Fd6xphq_iwaKNFF0CnJg1g/getUpdates HTTP/1.1" 200 23
2025-04-17 23:36:11,985 - telegram.bot - DEBUG - No new updates found.
2025-04-17 23:36:11,985 - telegram.bot - DEBUG - []
2025-04-17 23:36:11,985 - telegram.bot - DEBUG - Exiting: get_updates
2025-04-17 23:36:11,988 - telegram.bot - DEBUG - Entering: get_updates
2025-04-17 23:36:22,336 - urllib3.connectionpool - DEBUG - https://api.telegram.org:443 "POST /bot8173338125:AAHhqToLjhSy5Fd6xphq_iwaKNFF0CnJg1g/getUpdates HTTP/1.1" 200 23
2025-04-17 23:36:22,336 - telegram.bot - DEBUG - No new updates found.
2025-04-17 23:36:22,336 - telegram.bot - DEBUG - []
2025-04-17 23:36:22,336 - telegram.bot - DEBUG - Exiting: get_updates
2025-04-17 23:36:22,339 - telegram.bot - DEBUG - Entering: get_updates
2025-04-17 23:36:32,614 - urllib3.connectionpool - DEBUG - https://api.telegram.org:443 "POST /bot8173338125:AAHhqToLjhSy5Fd6xphq_iwaKNFF0CnJg1g/getUpdates HTTP/1.1" 200 23
2025-04-17 23:36:32,616 - telegram.bot - DEBUG - No new updates found.
2025-04-17 23:36:32,617 - telegram.bot - DEBUG - []
2025-04-17 23:36:32,617 - telegram.bot - DEBUG - Exiting: get_updates
2025-04-17 23:36:32,617 - telegram.bot - DEBUG - Entering: get_updates
2025-04-17 23:36:42,925 - urllib3.connectionpool - DEBUG - https://api.telegram.org:443 "POST /bot8173338125:AAHhqToLjhSy5Fd6xphq_iwaKNFF0CnJg1g/getUpdates HTTP/1.1" 200 23
2025-04-17 23:36:42,927 - telegram.bot - DEBUG - No new updates found.
2025-04-17 23:36:42,927 - telegram.bot - DEBUG - []
2025-04-17 23:36:42,927 - telegram.bot - DEBUG - Exiting: get_updates
2025-04-17 23:36:42,927 - telegram.bot - DEBUG - Entering: get_updates
2025-04-17 23:36:53,364 - urllib3.connectionpool - DEBUG - https://api.telegram.org:443 "POST /bot8173338125:AAHhqToLjhSy5Fd6xphq_iwaKNFF0CnJg1g/getUpdates HTTP/1.1" 200 23
2025-04-17 23:36:53,365 - telegram.bot - DEBUG - No new updates found.
2025-04-17 23:36:53,365 - telegram.bot - DEBUG - []
2025-04-17 23:36:53,365 - telegram.bot - DEBUG - Exiting: get_updates
2025-04-17 23:36:53,365 - telegram.bot - DEBUG - Entering: get_updates
2025-04-17 23:37:03,634 - urllib3.connectionpool - DEBUG - https://api.telegram.org:443 "POST /bot8173338125:AAHhqToLjhSy5Fd6xphq_iwaKNFF0CnJg1g/getUpdates HTTP/1.1" 200 23
2025-04-17 23:37:03,635 - telegram.bot - DEBUG - No new updates found.
2025-04-17 23:37:03,635 - telegram.bot - DEBUG - []
2025-04-17 23:37:03,635 - telegram.bot - DEBUG - Exiting: get_updates
2025-04-17 23:37:03,635 - telegram.bot - DEBUG - Entering: get_updates
2025-04-17 23:37:13,898 - urllib3.connectionpool - DEBUG - https://api.telegram.org:443 "POST /bot8173338125:AAHhqToLjhSy5Fd6xphq_iwaKNFF0CnJg1g/getUpdates HTTP/1.1" 200 23
2025-04-17 23:37:13,898 - telegram.bot - DEBUG - No new updates found.
2025-04-17 23:37:13,898 - telegram.bot - DEBUG - []
2025-04-17 23:37:13,898 - telegram.bot - DEBUG - Exiting: get_updates
2025-04-17 23:37:13,898 - telegram.bot - DEBUG - Entering: get_updates
2025-04-17 23:37:24,290 - urllib3.connectionpool - DEBUG - https://api.telegram.org:443 "POST /bot8173338125:AAHhqToLjhSy5Fd6xphq_iwaKNFF0CnJg1g/getUpdates HTTP/1.1" 200 23
2025-04-17 23:37:24,292 - telegram.bot - DEBUG - No new updates found.
2025-04-17 23:37:24,292 - telegram.bot - DEBUG - []
2025-04-17 23:37:24,292 - telegram.bot - DEBUG - Exiting: get_updates
2025-04-17 23:37:24,292 - telegram.bot - DEBUG - Entering: get_updates
2025-04-17 23:37:34,571 - urllib3.connectionpool - DEBUG - https://api.telegram.org:443 "POST /bot8173338125:AAHhqToLjhSy5Fd6xphq_iwaKNFF0CnJg1g/getUpdates HTTP/1.1" 200 23
2025-04-17 23:37:34,571 - telegram.bot - DEBUG - No new updates found.
2025-04-17 23:37:34,573 - telegram.bot - DEBUG - []
2025-04-17 23:37:34,573 - telegram.bot - DEBUG - Exiting: get_updates
2025-04-17 23:37:34,574 - telegram.bot - DEBUG - Entering: get_updates
2025-04-17 23:37:44,848 - urllib3.connectionpool - DEBUG - https://api.telegram.org:443 "POST /bot8173338125:AAHhqToLjhSy5Fd6xphq_iwaKNFF0CnJg1g/getUpdates HTTP/1.1" 200 23
2025-04-17 23:37:44,850 - telegram.bot - DEBUG - No new updates found.
2025-04-17 23:37:44,851 - telegram.bot - DEBUG - []
2025-04-17 23:37:44,851 - telegram.bot - DEBUG - Exiting: get_updates
2025-04-17 23:37:44,851 - telegram.bot - DEBUG - Entering: get_updates
2025-04-17 23:37:55,126 - urllib3.connectionpool - DEBUG - https://api.telegram.org:443 "POST /bot8173338125:AAHhqToLjhSy5Fd6xphq_iwaKNFF0CnJg1g/getUpdates HTTP/1.1" 200 23
2025-04-17 23:37:55,126 - telegram.bot - DEBUG - No new updates found.
2025-04-17 23:37:55,126 - telegram.bot - DEBUG - []
2025-04-17 23:37:55,126 - telegram.bot - DEBUG - Exiting: get_updates
2025-04-17 23:37:55,126 - telegram.bot - DEBUG - Entering: get_updates
2025-04-17 23:38:05,424 - urllib3.connectionpool - DEBUG - https://api.telegram.org:443 "POST /bot8173338125:AAHhqToLjhSy5Fd6xphq_iwaKNFF0CnJg1g/getUpdates HTTP/1.1" 200 23
2025-04-17 23:38:05,434 - telegram.bot - DEBUG - No new updates found.
2025-04-17 23:38:05,434 - telegram.bot - DEBUG - []
2025-04-17 23:38:05,434 - telegram.bot - DEBUG - Exiting: get_updates
2025-04-17 23:38:05,434 - telegram.bot - DEBUG - Entering: get_updates
2025-04-17 23:38:15,798 - urllib3.connectionpool - DEBUG - https://api.telegram.org:443 "POST /bot8173338125:AAHhqToLjhSy5Fd6xphq_iwaKNFF0CnJg1g/getUpdates HTTP/1.1" 200 23
2025-04-17 23:38:15,798 - telegram.bot - DEBUG - No new updates found.
2025-04-17 23:38:15,798 - telegram.bot - DEBUG - []
2025-04-17 23:38:15,798 - telegram.bot - DEBUG - Exiting: get_updates
2025-04-17 23:38:15,798 - telegram.bot - DEBUG - Entering: get_updates
2025-04-17 23:38:26,141 - urllib3.connectionpool - DEBUG - https://api.telegram.org:443 "POST /bot8173338125:AAHhqToLjhSy5Fd6xphq_iwaKNFF0CnJg1g/getUpdates HTTP/1.1" 200 23
2025-04-17 23:38:26,141 - telegram.bot - DEBUG - No new updates found.
2025-04-17 23:38:26,141 - telegram.bot - DEBUG - []
2025-04-17 23:38:26,141 - telegram.bot - DEBUG - Exiting: get_updates
2025-04-17 23:38:26,143 - telegram.bot - DEBUG - Entering: get_updates
2025-04-17 23:38:36,427 - urllib3.connectionpool - DEBUG - https://api.telegram.org:443 "POST /bot8173338125:AAHhqToLjhSy5Fd6xphq_iwaKNFF0CnJg1g/getUpdates HTTP/1.1" 200 23
2025-04-17 23:38:36,427 - telegram.bot - DEBUG - No new updates found.
2025-04-17 23:38:36,427 - telegram.bot - DEBUG - []
2025-04-17 23:38:36,427 - telegram.bot - DEBUG - Exiting: get_updates
2025-04-17 23:38:36,433 - telegram.bot - DEBUG - Entering: get_updates
2025-04-17 23:38:46,720 - urllib3.connectionpool - DEBUG - https://api.telegram.org:443 "POST /bot8173338125:AAHhqToLjhSy5Fd6xphq_iwaKNFF0CnJg1g/getUpdates HTTP/1.1" 200 23
2025-04-17 23:38:46,720 - telegram.bot - DEBUG - No new updates found.
2025-04-17 23:38:46,720 - telegram.bot - DEBUG - []
2025-04-17 23:38:46,720 - telegram.bot - DEBUG - Exiting: get_updates
2025-04-17 23:38:46,720 - telegram.bot - DEBUG - Entering: get_updates
2025-04-17 23:38:56,992 - urllib3.connectionpool - DEBUG - https://api.telegram.org:443 "POST /bot8173338125:AAHhqToLjhSy5Fd6xphq_iwaKNFF0CnJg1g/getUpdates HTTP/1.1" 200 23
2025-04-17 23:38:56,992 - telegram.bot - DEBUG - No new updates found.
2025-04-17 23:38:57,007 - telegram.bot - DEBUG - []
2025-04-17 23:38:57,007 - telegram.bot - DEBUG - Exiting: get_updates
2025-04-17 23:38:57,007 - telegram.bot - DEBUG - Entering: get_updates
2025-04-17 23:39:07,271 - urllib3.connectionpool - DEBUG - https://api.telegram.org:443 "POST /bot8173338125:AAHhqToLjhSy5Fd6xphq_iwaKNFF0CnJg1g/getUpdates HTTP/1.1" 200 23
2025-04-17 23:39:07,271 - telegram.bot - DEBUG - No new updates found.
2025-04-17 23:39:07,271 - telegram.bot - DEBUG - []
2025-04-17 23:39:07,271 - telegram.bot - DEBUG - Exiting: get_updates
2025-04-17 23:39:07,271 - telegram.bot - DEBUG - Entering: get_updates
2025-04-17 23:39:17,535 - urllib3.connectionpool - DEBUG - https://api.telegram.org:443 "POST /bot8173338125:AAHhqToLjhSy5Fd6xphq_iwaKNFF0CnJg1g/getUpdates HTTP/1.1" 200 23
2025-04-17 23:39:17,535 - telegram.bot - DEBUG - No new updates found.
2025-04-17 23:39:17,535 - telegram.bot - DEBUG - []
2025-04-17 23:39:17,535 - telegram.bot - DEBUG - Exiting: get_updates
2025-04-17 23:39:17,535 - telegram.bot - DEBUG - Entering: get_updates
2025-04-17 23:39:27,828 - urllib3.connectionpool - DEBUG - https://api.telegram.org:443 "POST /bot8173338125:AAHhqToLjhSy5Fd6xphq_iwaKNFF0CnJg1g/getUpdates HTTP/1.1" 200 23
2025-04-17 23:39:27,828 - telegram.bot - DEBUG - No new updates found.
2025-04-17 23:39:27,828 - telegram.bot - DEBUG - []
2025-04-17 23:39:27,828 - telegram.bot - DEBUG - Exiting: get_updates
2025-04-17 23:39:27,828 - telegram.bot - DEBUG - Entering: get_updates
2025-04-17 23:39:38,250 - urllib3.connectionpool - DEBUG - https://api.telegram.org:443 "POST /bot8173338125:AAHhqToLjhSy5Fd6xphq_iwaKNFF0CnJg1g/getUpdates HTTP/1.1" 200 23
2025-04-17 23:39:38,252 - telegram.bot - DEBUG - No new updates found.
2025-04-17 23:39:38,252 - telegram.bot - DEBUG - []
2025-04-17 23:39:38,252 - telegram.bot - DEBUG - Exiting: get_updates
2025-04-17 23:39:38,252 - telegram.bot - DEBUG - Entering: get_updates
2025-04-17 23:39:48,818 - urllib3.connectionpool - DEBUG - https://api.telegram.org:443 "POST /bot8173338125:AAHhqToLjhSy5Fd6xphq_iwaKNFF0CnJg1g/getUpdates HTTP/1.1" 200 23
2025-04-17 23:39:48,827 - telegram.bot - DEBUG - No new updates found.
2025-04-17 23:39:48,829 - telegram.bot - DEBUG - []
2025-04-17 23:39:48,829 - telegram.bot - DEBUG - Exiting: get_updates
2025-04-17 23:39:48,829 - telegram.bot - DEBUG - Entering: get_updates
2025-04-17 23:39:59,120 - urllib3.connectionpool - DEBUG - https://api.telegram.org:443 "POST /bot8173338125:AAHhqToLjhSy5Fd6xphq_iwaKNFF0CnJg1g/getUpdates HTTP/1.1" 200 23
2025-04-17 23:39:59,121 - telegram.bot - DEBUG - No new updates found.
2025-04-17 23:39:59,121 - telegram.bot - DEBUG - []
2025-04-17 23:39:59,121 - telegram.bot - DEBUG - Exiting: get_updates
2025-04-17 23:39:59,121 - telegram.bot - DEBUG - Entering: get_updates
2025-04-17 23:40:09,381 - urllib3.connectionpool - DEBUG - https://api.telegram.org:443 "POST /bot8173338125:AAHhqToLjhSy5Fd6xphq_iwaKNFF0CnJg1g/getUpdates HTTP/1.1" 200 23
2025-04-17 23:40:09,381 - telegram.bot - DEBUG - No new updates found.
2025-04-17 23:40:09,381 - telegram.bot - DEBUG - []
2025-04-17 23:40:09,381 - telegram.bot - DEBUG - Exiting: get_updates
2025-04-17 23:40:09,388 - telegram.bot - DEBUG - Entering: get_updates
2025-04-17 23:40:19,653 - urllib3.connectionpool - DEBUG - https://api.telegram.org:443 "POST /bot8173338125:AAHhqToLjhSy5Fd6xphq_iwaKNFF0CnJg1g/getUpdates HTTP/1.1" 200 23
2025-04-17 23:40:19,653 - telegram.bot - DEBUG - No new updates found.
2025-04-17 23:40:19,653 - telegram.bot - DEBUG - []
2025-04-17 23:40:19,653 - telegram.bot - DEBUG - Exiting: get_updates
2025-04-17 23:40:19,653 - telegram.bot - DEBUG - Entering: get_updates
2025-04-17 23:40:29,910 - urllib3.connectionpool - DEBUG - https://api.telegram.org:443 "POST /bot8173338125:AAHhqToLjhSy5Fd6xphq_iwaKNFF0CnJg1g/getUpdates HTTP/1.1" 200 23
2025-04-17 23:40:29,926 - telegram.bot - DEBUG - No new updates found.
2025-04-17 23:40:29,926 - telegram.bot - DEBUG - []
2025-04-17 23:40:29,926 - telegram.bot - DEBUG - Exiting: get_updates
2025-04-17 23:40:29,926 - telegram.bot - DEBUG - Entering: get_updates
2025-04-17 23:40:40,177 - urllib3.connectionpool - DEBUG - https://api.telegram.org:443 "POST /bot8173338125:AAHhqToLjhSy5Fd6xphq_iwaKNFF0CnJg1g/getUpdates HTTP/1.1" 200 23
2025-04-17 23:40:40,192 - telegram.bot - DEBUG - No new updates found.
2025-04-17 23:40:40,197 - telegram.bot - DEBUG - []
2025-04-17 23:40:40,197 - telegram.bot - DEBUG - Exiting: get_updates
2025-04-17 23:40:40,197 - telegram.bot - DEBUG - Entering: get_updates
2025-04-17 23:40:50,519 - urllib3.connectionpool - DEBUG - https://api.telegram.org:443 "POST /bot8173338125:AAHhqToLjhSy5Fd6xphq_iwaKNFF0CnJg1g/getUpdates HTTP/1.1" 200 23
2025-04-17 23:40:50,519 - telegram.bot - DEBUG - No new updates found.
2025-04-17 23:40:50,519 - telegram.bot - DEBUG - []
2025-04-17 23:40:50,519 - telegram.bot - DEBUG - Exiting: get_updates
2025-04-17 23:40:50,519 - telegram.bot - DEBUG - Entering: get_updates
2025-04-17 23:41:00,790 - urllib3.connectionpool - DEBUG - https://api.telegram.org:443 "POST /bot8173338125:AAHhqToLjhSy5Fd6xphq_iwaKNFF0CnJg1g/getUpdates HTTP/1.1" 200 23
2025-04-17 23:41:00,790 - telegram.bot - DEBUG - No new updates found.
2025-04-17 23:41:00,790 - telegram.bot - DEBUG - []
2025-04-17 23:41:00,790 - telegram.bot - DEBUG - Exiting: get_updates
2025-04-17 23:41:00,790 - telegram.bot - DEBUG - Entering: get_updates
2025-04-17 23:41:11,313 - urllib3.connectionpool - DEBUG - https://api.telegram.org:443 "POST /bot8173338125:AAHhqToLjhSy5Fd6xphq_iwaKNFF0CnJg1g/getUpdates HTTP/1.1" 200 23
2025-04-17 23:41:11,313 - telegram.bot - DEBUG - No new updates found.
2025-04-17 23:41:11,313 - telegram.bot - DEBUG - []
2025-04-17 23:41:11,315 - telegram.bot - DEBUG - Exiting: get_updates
2025-04-17 23:41:11,315 - telegram.bot - DEBUG - Entering: get_updates
2025-04-17 23:41:21,990 - urllib3.connectionpool - DEBUG - https://api.telegram.org:443 "POST /bot8173338125:AAHhqToLjhSy5Fd6xphq_iwaKNFF0CnJg1g/getUpdates HTTP/1.1" 200 23
2025-04-17 23:41:21,990 - telegram.bot - DEBUG - No new updates found.
2025-04-17 23:41:21,990 - telegram.bot - DEBUG - []
2025-04-17 23:41:21,990 - telegram.bot - DEBUG - Exiting: get_updates
2025-04-17 23:41:21,990 - telegram.bot - DEBUG - Entering: get_updates
2025-04-17 23:41:32,294 - urllib3.connectionpool - DEBUG - https://api.telegram.org:443 "POST /bot8173338125:AAHhqToLjhSy5Fd6xphq_iwaKNFF0CnJg1g/getUpdates HTTP/1.1" 200 23
2025-04-17 23:41:32,307 - telegram.bot - DEBUG - No new updates found.
2025-04-17 23:41:32,307 - telegram.bot - DEBUG - []
2025-04-17 23:41:32,307 - telegram.bot - DEBUG - Exiting: get_updates
2025-04-17 23:41:32,307 - telegram.bot - DEBUG - Entering: get_updates
2025-04-17 23:41:42,571 - urllib3.connectionpool - DEBUG - https://api.telegram.org:443 "POST /bot8173338125:AAHhqToLjhSy5Fd6xphq_iwaKNFF0CnJg1g/getUpdates HTTP/1.1" 200 23
2025-04-17 23:41:42,571 - telegram.bot - DEBUG - No new updates found.
2025-04-17 23:41:42,571 - telegram.bot - DEBUG - []
2025-04-17 23:41:42,571 - telegram.bot - DEBUG - Exiting: get_updates
2025-04-17 23:41:42,571 - telegram.bot - DEBUG - Entering: get_updates
2025-04-17 23:41:52,887 - urllib3.connectionpool - DEBUG - https://api.telegram.org:443 "POST /bot8173338125:AAHhqToLjhSy5Fd6xphq_iwaKNFF0CnJg1g/getUpdates HTTP/1.1" 200 23
2025-04-17 23:41:52,889 - telegram.bot - DEBUG - No new updates found.
2025-04-17 23:41:52,889 - telegram.bot - DEBUG - []
2025-04-17 23:41:52,889 - telegram.bot - DEBUG - Exiting: get_updates
2025-04-17 23:41:52,891 - telegram.bot - DEBUG - Entering: get_updates
2025-04-17 23:42:03,226 - urllib3.connectionpool - DEBUG - https://api.telegram.org:443 "POST /bot8173338125:AAHhqToLjhSy5Fd6xphq_iwaKNFF0CnJg1g/getUpdates HTTP/1.1" 200 23
2025-04-17 23:42:03,226 - telegram.bot - DEBUG - No new updates found.
2025-04-17 23:42:03,226 - telegram.bot - DEBUG - []
2025-04-17 23:42:03,226 - telegram.bot - DEBUG - Exiting: get_updates
2025-04-17 23:42:03,226 - telegram.bot - DEBUG - Entering: get_updates
2025-04-17 23:42:13,573 - urllib3.connectionpool - DEBUG - https://api.telegram.org:443 "POST /bot8173338125:AAHhqToLjhSy5Fd6xphq_iwaKNFF0CnJg1g/getUpdates HTTP/1.1" 200 23
2025-04-17 23:42:13,581 - telegram.bot - DEBUG - No new updates found.
2025-04-17 23:42:13,581 - telegram.bot - DEBUG - []
2025-04-17 23:42:13,581 - telegram.bot - DEBUG - Exiting: get_updates
2025-04-17 23:42:13,581 - telegram.bot - DEBUG - Entering: get_updates
2025-04-17 23:42:13,586 - urllib3.connectionpool - DEBUG - Resetting dropped connection: api.telegram.org
2025-04-17 23:42:25,451 - urllib3.connectionpool - DEBUG - https://api.telegram.org:443 "POST /bot8173338125:AAHhqToLjhSy5Fd6xphq_iwaKNFF0CnJg1g/getUpdates HTTP/1.1" 200 23
2025-04-17 23:42:25,451 - telegram.bot - DEBUG - No new updates found.
2025-04-17 23:42:25,451 - telegram.bot - DEBUG - []
2025-04-17 23:42:25,451 - telegram.bot - DEBUG - Exiting: get_updates
2025-04-17 23:42:25,451 - telegram.bot - DEBUG - Entering: get_updates
2025-04-17 23:42:35,794 - urllib3.connectionpool - DEBUG - https://api.telegram.org:443 "POST /bot8173338125:AAHhqToLjhSy5Fd6xphq_iwaKNFF0CnJg1g/getUpdates HTTP/1.1" 200 23
2025-04-17 23:42:35,796 - telegram.bot - DEBUG - No new updates found.
2025-04-17 23:42:35,797 - telegram.bot - DEBUG - []
2025-04-17 23:42:35,797 - telegram.bot - DEBUG - Exiting: get_updates
2025-04-17 23:42:35,797 - telegram.bot - DEBUG - Entering: get_updates
2025-04-17 23:42:46,094 - urllib3.connectionpool - DEBUG - https://api.telegram.org:443 "POST /bot8173338125:AAHhqToLjhSy5Fd6xphq_iwaKNFF0CnJg1g/getUpdates HTTP/1.1" 200 23
2025-04-17 23:42:46,094 - telegram.bot - DEBUG - No new updates found.
2025-04-17 23:42:46,094 - telegram.bot - DEBUG - []
2025-04-17 23:42:46,094 - telegram.bot - DEBUG - Exiting: get_updates
2025-04-17 23:42:46,094 - telegram.bot - DEBUG - Entering: get_updates
2025-04-17 23:42:56,361 - urllib3.connectionpool - DEBUG - https://api.telegram.org:443 "POST /bot8173338125:AAHhqToLjhSy5Fd6xphq_iwaKNFF0CnJg1g/getUpdates HTTP/1.1" 200 23
2025-04-17 23:42:56,361 - telegram.bot - DEBUG - No new updates found.
2025-04-17 23:42:56,361 - telegram.bot - DEBUG - []
2025-04-17 23:42:56,361 - telegram.bot - DEBUG - Exiting: get_updates
2025-04-17 23:42:56,364 - telegram.bot - DEBUG - Entering: get_updates
2025-04-17 23:43:06,623 - urllib3.connectionpool - DEBUG - https://api.telegram.org:443 "POST /bot8173338125:AAHhqToLjhSy5Fd6xphq_iwaKNFF0CnJg1g/getUpdates HTTP/1.1" 200 23
2025-04-17 23:43:06,623 - telegram.bot - DEBUG - No new updates found.
2025-04-17 23:43:06,623 - telegram.bot - DEBUG - []
2025-04-17 23:43:06,623 - telegram.bot - DEBUG - Exiting: get_updates
2025-04-17 23:43:06,623 - telegram.bot - DEBUG - Entering: get_updates
2025-04-17 23:43:16,894 - urllib3.connectionpool - DEBUG - https://api.telegram.org:443 "POST /bot8173338125:AAHhqToLjhSy5Fd6xphq_iwaKNFF0CnJg1g/getUpdates HTTP/1.1" 200 23
2025-04-17 23:43:16,894 - telegram.bot - DEBUG - No new updates found.
2025-04-17 23:43:16,896 - telegram.bot - DEBUG - []
2025-04-17 23:43:16,896 - telegram.bot - DEBUG - Exiting: get_updates
2025-04-17 23:43:16,896 - telegram.bot - DEBUG - Entering: get_updates
2025-04-17 23:43:27,200 - urllib3.connectionpool - DEBUG - https://api.telegram.org:443 "POST /bot8173338125:AAHhqToLjhSy5Fd6xphq_iwaKNFF0CnJg1g/getUpdates HTTP/1.1" 200 23
2025-04-17 23:43:27,201 - telegram.bot - DEBUG - No new updates found.
2025-04-17 23:43:27,201 - telegram.bot - DEBUG - []
2025-04-17 23:43:27,201 - telegram.bot - DEBUG - Exiting: get_updates
2025-04-17 23:43:27,203 - telegram.bot - DEBUG - Entering: get_updates
2025-04-17 23:43:37,543 - urllib3.connectionpool - DEBUG - https://api.telegram.org:443 "POST /bot8173338125:AAHhqToLjhSy5Fd6xphq_iwaKNFF0CnJg1g/getUpdates HTTP/1.1" 200 23
2025-04-17 23:43:37,543 - telegram.bot - DEBUG - No new updates found.
2025-04-17 23:43:37,543 - telegram.bot - DEBUG - []
2025-04-17 23:43:37,543 - telegram.bot - DEBUG - Exiting: get_updates
2025-04-17 23:43:37,543 - telegram.bot - DEBUG - Entering: get_updates
2025-04-17 23:43:47,846 - urllib3.connectionpool - DEBUG - https://api.telegram.org:443 "POST /bot8173338125:AAHhqToLjhSy5Fd6xphq_iwaKNFF0CnJg1g/getUpdates HTTP/1.1" 200 23
2025-04-17 23:43:47,850 - telegram.bot - DEBUG - No new updates found.
2025-04-17 23:43:47,851 - telegram.bot - DEBUG - []
2025-04-17 23:43:47,851 - telegram.bot - DEBUG - Exiting: get_updates
2025-04-17 23:43:47,852 - telegram.bot - DEBUG - Entering: get_updates
2025-04-17 23:43:58,242 - urllib3.connectionpool - DEBUG - https://api.telegram.org:443 "POST /bot8173338125:AAHhqToLjhSy5Fd6xphq_iwaKNFF0CnJg1g/getUpdates HTTP/1.1" 200 23
2025-04-17 23:43:58,242 - telegram.bot - DEBUG - No new updates found.
2025-04-17 23:43:58,242 - telegram.bot - DEBUG - []
2025-04-17 23:43:58,242 - telegram.bot - DEBUG - Exiting: get_updates
2025-04-17 23:43:58,242 - telegram.bot - DEBUG - Entering: get_updates
2025-04-17 23:44:08,553 - urllib3.connectionpool - DEBUG - https://api.telegram.org:443 "POST /bot8173338125:AAHhqToLjhSy5Fd6xphq_iwaKNFF0CnJg1g/getUpdates HTTP/1.1" 200 23
2025-04-17 23:44:08,553 - telegram.bot - DEBUG - No new updates found.
2025-04-17 23:44:08,553 - telegram.bot - DEBUG - []
2025-04-17 23:44:08,553 - telegram.bot - DEBUG - Exiting: get_updates
2025-04-17 23:44:08,553 - telegram.bot - DEBUG - Entering: get_updates
2025-04-17 23:44:18,911 - urllib3.connectionpool - DEBUG - https://api.telegram.org:443 "POST /bot8173338125:AAHhqToLjhSy5Fd6xphq_iwaKNFF0CnJg1g/getUpdates HTTP/1.1" 200 23
2025-04-17 23:44:18,911 - telegram.bot - DEBUG - No new updates found.
2025-04-17 23:44:18,915 - telegram.bot - DEBUG - []
2025-04-17 23:44:18,915 - telegram.bot - DEBUG - Exiting: get_updates
2025-04-17 23:44:18,915 - telegram.bot - DEBUG - Entering: get_updates
2025-04-17 23:44:29,173 - urllib3.connectionpool - DEBUG - https://api.telegram.org:443 "POST /bot8173338125:AAHhqToLjhSy5Fd6xphq_iwaKNFF0CnJg1g/getUpdates HTTP/1.1" 200 23
2025-04-17 23:44:29,173 - telegram.bot - DEBUG - No new updates found.
2025-04-17 23:44:29,173 - telegram.bot - DEBUG - []
2025-04-17 23:44:29,173 - telegram.bot - DEBUG - Exiting: get_updates
2025-04-17 23:44:29,173 - telegram.bot - DEBUG - Entering: get_updates
2025-04-17 23:44:39,494 - urllib3.connectionpool - DEBUG - https://api.telegram.org:443 "POST /bot8173338125:AAHhqToLjhSy5Fd6xphq_iwaKNFF0CnJg1g/getUpdates HTTP/1.1" 200 23
2025-04-17 23:44:39,494 - telegram.bot - DEBUG - No new updates found.
2025-04-17 23:44:39,494 - telegram.bot - DEBUG - []
2025-04-17 23:44:39,494 - telegram.bot - DEBUG - Exiting: get_updates
2025-04-17 23:44:39,494 - telegram.bot - DEBUG - Entering: get_updates
2025-04-17 23:44:49,755 - urllib3.connectionpool - DEBUG - https://api.telegram.org:443 "POST /bot8173338125:AAHhqToLjhSy5Fd6xphq_iwaKNFF0CnJg1g/getUpdates HTTP/1.1" 200 23
2025-04-17 23:44:49,755 - telegram.bot - DEBUG - No new updates found.
2025-04-17 23:44:49,755 - telegram.bot - DEBUG - []
2025-04-17 23:44:49,755 - telegram.bot - DEBUG - Exiting: get_updates
2025-04-17 23:44:49,755 - telegram.bot - DEBUG - Entering: get_updates
2025-04-17 23:52:56,703 - telegram.ext.updater - ERROR - Error while getting Updates: urllib3 HTTPError ('Connection aborted.', RemoteDisconnected('Remote end closed connection without response'))
2025-04-17 23:52:56,705 - telegram.ext.dispatcher - DEBUG - Processing Update: urllib3 HTTPError ('Connection aborted.', RemoteDisconnected('Remote end closed connection without response'))
2025-04-17 23:52:56,707 - telegram.ext.dispatcher - ERROR - No error handlers are registered, logging exception.
Traceback (most recent call last):
  File "C:\Users\Saffan\AppData\Local\Packages\PythonSoftwareFoundation.Python.3.12_qbz5n2kfra8p0\LocalCache\local-packages\Python312\site-packages\urllib3\connectionpool.py", line 715, in urlopen
    httplib_response = self._make_request(
                       ^^^^^^^^^^^^^^^^^^^
  File "C:\Users\Saffan\AppData\Local\Packages\PythonSoftwareFoundation.Python.3.12_qbz5n2kfra8p0\LocalCache\local-packages\Python312\site-packages\urllib3\connectionpool.py", line 467, in _make_request
    six.raise_from(e, None)
  File "<string>", line 3, in raise_from
  File "C:\Users\Saffan\AppData\Local\Packages\PythonSoftwareFoundation.Python.3.12_qbz5n2kfra8p0\LocalCache\local-packages\Python312\site-packages\urllib3\connectionpool.py", line 462, in _make_request
    httplib_response = conn.getresponse()
                       ^^^^^^^^^^^^^^^^^^
  File "C:\Program Files\WindowsApps\PythonSoftwareFoundation.Python.3.12_3.12.2800.0_x64__qbz5n2kfra8p0\Lib\http\client.py", line 1430, in getresponse
    response.begin()
  File "C:\Program Files\WindowsApps\PythonSoftwareFoundation.Python.3.12_3.12.2800.0_x64__qbz5n2kfra8p0\Lib\http\client.py", line 331, in begin
    version, status, reason = self._read_status()
                              ^^^^^^^^^^^^^^^^^^^
  File "C:\Program Files\WindowsApps\PythonSoftwareFoundation.Python.3.12_3.12.2800.0_x64__qbz5n2kfra8p0\Lib\http\client.py", line 300, in _read_status
    raise RemoteDisconnected("Remote end closed connection without"
http.client.RemoteDisconnected: Remote end closed connection without response

During handling of the above exception, another exception occurred:

Traceback (most recent call last):
  File "C:\Users\Saffan\AppData\Local\Packages\PythonSoftwareFoundation.Python.3.12_qbz5n2kfra8p0\LocalCache\local-packages\Python312\site-packages\telegram\utils\request.py", line 259, in _request_wrapper
    resp = self._con_pool.request(*args, **kwargs)
           ^^^^^^^^^^^^^^^^^^^^^^^^^^^^^^^^^^^^^^^
  File "C:\Users\Saffan\AppData\Local\Packages\PythonSoftwareFoundation.Python.3.12_qbz5n2kfra8p0\LocalCache\local-packages\Python312\site-packages\urllib3\request.py", line 81, in request
    return self.request_encode_body(
           ^^^^^^^^^^^^^^^^^^^^^^^^^
  File "C:\Users\Saffan\AppData\Local\Packages\PythonSoftwareFoundation.Python.3.12_qbz5n2kfra8p0\LocalCache\local-packages\Python312\site-packages\urllib3\request.py", line 173, in request_encode_body
    return self.urlopen(method, url, **extra_kw)
           ^^^^^^^^^^^^^^^^^^^^^^^^^^^^^^^^^^^^^
  File "C:\Users\Saffan\AppData\Local\Packages\PythonSoftwareFoundation.Python.3.12_qbz5n2kfra8p0\LocalCache\local-packages\Python312\site-packages\urllib3\poolmanager.py", line 376, in urlopen
    response = conn.urlopen(method, u.request_uri, **kw)
               ^^^^^^^^^^^^^^^^^^^^^^^^^^^^^^^^^^^^^^^^^
  File "C:\Users\Saffan\AppData\Local\Packages\PythonSoftwareFoundation.Python.3.12_qbz5n2kfra8p0\LocalCache\local-packages\Python312\site-packages\urllib3\connectionpool.py", line 799, in urlopen
    retries = retries.increment(
              ^^^^^^^^^^^^^^^^^^
  File "C:\Users\Saffan\AppData\Local\Packages\PythonSoftwareFoundation.Python.3.12_qbz5n2kfra8p0\LocalCache\local-packages\Python312\site-packages\urllib3\util\retry.py", line 550, in increment
    raise six.reraise(type(error), error, _stacktrace)
          ^^^^^^^^^^^^^^^^^^^^^^^^^^^^^^^^^^^^^^^^^^^^
  File "C:\Users\Saffan\AppData\Local\Packages\PythonSoftwareFoundation.Python.3.12_qbz5n2kfra8p0\LocalCache\local-packages\Python312\site-packages\urllib3\packages\six.py", line 769, in reraise
    raise value.with_traceback(tb)
  File "C:\Users\Saffan\AppData\Local\Packages\PythonSoftwareFoundation.Python.3.12_qbz5n2kfra8p0\LocalCache\local-packages\Python312\site-packages\urllib3\connectionpool.py", line 715, in urlopen
    httplib_response = self._make_request(
                       ^^^^^^^^^^^^^^^^^^^
  File "C:\Users\Saffan\AppData\Local\Packages\PythonSoftwareFoundation.Python.3.12_qbz5n2kfra8p0\LocalCache\local-packages\Python312\site-packages\urllib3\connectionpool.py", line 467, in _make_request
    six.raise_from(e, None)
  File "<string>", line 3, in raise_from
  File "C:\Users\Saffan\AppData\Local\Packages\PythonSoftwareFoundation.Python.3.12_qbz5n2kfra8p0\LocalCache\local-packages\Python312\site-packages\urllib3\connectionpool.py", line 462, in _make_request
    httplib_response = conn.getresponse()
                       ^^^^^^^^^^^^^^^^^^
  File "C:\Program Files\WindowsApps\PythonSoftwareFoundation.Python.3.12_3.12.2800.0_x64__qbz5n2kfra8p0\Lib\http\client.py", line 1430, in getresponse
    response.begin()
  File "C:\Program Files\WindowsApps\PythonSoftwareFoundation.Python.3.12_3.12.2800.0_x64__qbz5n2kfra8p0\Lib\http\client.py", line 331, in begin
    version, status, reason = self._read_status()
                              ^^^^^^^^^^^^^^^^^^^
  File "C:\Program Files\WindowsApps\PythonSoftwareFoundation.Python.3.12_3.12.2800.0_x64__qbz5n2kfra8p0\Lib\http\client.py", line 300, in _read_status
    raise RemoteDisconnected("Remote end closed connection without"
urllib3.exceptions.ProtocolError: ('Connection aborted.', RemoteDisconnected('Remote end closed connection without response'))

The above exception was the direct cause of the following exception:

Traceback (most recent call last):
  File "C:\Users\Saffan\AppData\Local\Packages\PythonSoftwareFoundation.Python.3.12_qbz5n2kfra8p0\LocalCache\local-packages\Python312\site-packages\telegram\ext\updater.py", line 646, in _network_loop_retry
    if not action_cb():
           ^^^^^^^^^^^
  File "C:\Users\Saffan\AppData\Local\Packages\PythonSoftwareFoundation.Python.3.12_qbz5n2kfra8p0\LocalCache\local-packages\Python312\site-packages\telegram\ext\updater.py", line 597, in polling_action_cb
    updates = self.bot.get_updates(
              ^^^^^^^^^^^^^^^^^^^^^
  File "C:\Users\Saffan\AppData\Local\Packages\PythonSoftwareFoundation.Python.3.12_qbz5n2kfra8p0\LocalCache\local-packages\Python312\site-packages\telegram\ext\extbot.py", line 222, in get_updates
    updates = super().get_updates(
              ^^^^^^^^^^^^^^^^^^^^
  File "C:\Users\Saffan\AppData\Local\Packages\PythonSoftwareFoundation.Python.3.12_qbz5n2kfra8p0\LocalCache\local-packages\Python312\site-packages\telegram\bot.py", line 130, in decorator
    result = func(*args, **kwargs)
             ^^^^^^^^^^^^^^^^^^^^^
  File "C:\Users\Saffan\AppData\Local\Packages\PythonSoftwareFoundation.Python.3.12_qbz5n2kfra8p0\LocalCache\local-packages\Python312\site-packages\telegram\bot.py", line 2861, in get_updates
    self._post(
  File "C:\Users\Saffan\AppData\Local\Packages\PythonSoftwareFoundation.Python.3.12_qbz5n2kfra8p0\LocalCache\local-packages\Python312\site-packages\telegram\bot.py", line 295, in _post
    return self.request.post(
           ^^^^^^^^^^^^^^^^^^
  File "C:\Users\Saffan\AppData\Local\Packages\PythonSoftwareFoundation.Python.3.12_qbz5n2kfra8p0\LocalCache\local-packages\Python312\site-packages\telegram\utils\request.py", line 356, in post
    result = self._request_wrapper(
             ^^^^^^^^^^^^^^^^^^^^^^
  File "C:\Users\Saffan\AppData\Local\Packages\PythonSoftwareFoundation.Python.3.12_qbz5n2kfra8p0\LocalCache\local-packages\Python312\site-packages\telegram\utils\request.py", line 265, in _request_wrapper
    raise NetworkError(f'urllib3 HTTPError {error}') from error
telegram.error.NetworkError: urllib3 HTTPError ('Connection aborted.', RemoteDisconnected('Remote end closed connection without response'))
2025-04-17 23:52:57,705 - telegram.bot - DEBUG - Entering: get_updates
2025-04-17 23:52:57,705 - urllib3.connectionpool - DEBUG - Starting new HTTPS connection (3): api.telegram.org:443
2025-04-18 11:15:21,517 - telegram.ext.updater - ERROR - Error while getting Updates: urllib3 HTTPError ('Connection aborted.', RemoteDisconnected('Remote end closed connection without response'))
2025-04-18 11:15:21,531 - telegram.ext.dispatcher - DEBUG - Processing Update: urllib3 HTTPError ('Connection aborted.', RemoteDisconnected('Remote end closed connection without response'))
2025-04-18 11:15:21,537 - telegram.ext.dispatcher - ERROR - No error handlers are registered, logging exception.
Traceback (most recent call last):
  File "C:\Users\Saffan\AppData\Local\Packages\PythonSoftwareFoundation.Python.3.12_qbz5n2kfra8p0\LocalCache\local-packages\Python312\site-packages\urllib3\connectionpool.py", line 715, in urlopen
    httplib_response = self._make_request(
                       ^^^^^^^^^^^^^^^^^^^
  File "C:\Users\Saffan\AppData\Local\Packages\PythonSoftwareFoundation.Python.3.12_qbz5n2kfra8p0\LocalCache\local-packages\Python312\site-packages\urllib3\connectionpool.py", line 467, in _make_request
    six.raise_from(e, None)
  File "<string>", line 3, in raise_from
  File "C:\Users\Saffan\AppData\Local\Packages\PythonSoftwareFoundation.Python.3.12_qbz5n2kfra8p0\LocalCache\local-packages\Python312\site-packages\urllib3\connectionpool.py", line 462, in _make_request
    httplib_response = conn.getresponse()
                       ^^^^^^^^^^^^^^^^^^
  File "C:\Program Files\WindowsApps\PythonSoftwareFoundation.Python.3.12_3.12.2800.0_x64__qbz5n2kfra8p0\Lib\http\client.py", line 1430, in getresponse
    response.begin()
  File "C:\Program Files\WindowsApps\PythonSoftwareFoundation.Python.3.12_3.12.2800.0_x64__qbz5n2kfra8p0\Lib\http\client.py", line 331, in begin
    version, status, reason = self._read_status()
                              ^^^^^^^^^^^^^^^^^^^
  File "C:\Program Files\WindowsApps\PythonSoftwareFoundation.Python.3.12_3.12.2800.0_x64__qbz5n2kfra8p0\Lib\http\client.py", line 300, in _read_status
    raise RemoteDisconnected("Remote end closed connection without"
http.client.RemoteDisconnected: Remote end closed connection without response

During handling of the above exception, another exception occurred:

Traceback (most recent call last):
  File "C:\Users\Saffan\AppData\Local\Packages\PythonSoftwareFoundation.Python.3.12_qbz5n2kfra8p0\LocalCache\local-packages\Python312\site-packages\telegram\utils\request.py", line 259, in _request_wrapper
    resp = self._con_pool.request(*args, **kwargs)
           ^^^^^^^^^^^^^^^^^^^^^^^^^^^^^^^^^^^^^^^
  File "C:\Users\Saffan\AppData\Local\Packages\PythonSoftwareFoundation.Python.3.12_qbz5n2kfra8p0\LocalCache\local-packages\Python312\site-packages\urllib3\request.py", line 81, in request
    return self.request_encode_body(
           ^^^^^^^^^^^^^^^^^^^^^^^^^
  File "C:\Users\Saffan\AppData\Local\Packages\PythonSoftwareFoundation.Python.3.12_qbz5n2kfra8p0\LocalCache\local-packages\Python312\site-packages\urllib3\request.py", line 173, in request_encode_body
    return self.urlopen(method, url, **extra_kw)
           ^^^^^^^^^^^^^^^^^^^^^^^^^^^^^^^^^^^^^
  File "C:\Users\Saffan\AppData\Local\Packages\PythonSoftwareFoundation.Python.3.12_qbz5n2kfra8p0\LocalCache\local-packages\Python312\site-packages\urllib3\poolmanager.py", line 376, in urlopen
    response = conn.urlopen(method, u.request_uri, **kw)
               ^^^^^^^^^^^^^^^^^^^^^^^^^^^^^^^^^^^^^^^^^
  File "C:\Users\Saffan\AppData\Local\Packages\PythonSoftwareFoundation.Python.3.12_qbz5n2kfra8p0\LocalCache\local-packages\Python312\site-packages\urllib3\connectionpool.py", line 799, in urlopen
    retries = retries.increment(
              ^^^^^^^^^^^^^^^^^^
  File "C:\Users\Saffan\AppData\Local\Packages\PythonSoftwareFoundation.Python.3.12_qbz5n2kfra8p0\LocalCache\local-packages\Python312\site-packages\urllib3\util\retry.py", line 550, in increment
    raise six.reraise(type(error), error, _stacktrace)
          ^^^^^^^^^^^^^^^^^^^^^^^^^^^^^^^^^^^^^^^^^^^^
  File "C:\Users\Saffan\AppData\Local\Packages\PythonSoftwareFoundation.Python.3.12_qbz5n2kfra8p0\LocalCache\local-packages\Python312\site-packages\urllib3\packages\six.py", line 769, in reraise
    raise value.with_traceback(tb)
  File "C:\Users\Saffan\AppData\Local\Packages\PythonSoftwareFoundation.Python.3.12_qbz5n2kfra8p0\LocalCache\local-packages\Python312\site-packages\urllib3\connectionpool.py", line 715, in urlopen
    httplib_response = self._make_request(
                       ^^^^^^^^^^^^^^^^^^^
  File "C:\Users\Saffan\AppData\Local\Packages\PythonSoftwareFoundation.Python.3.12_qbz5n2kfra8p0\LocalCache\local-packages\Python312\site-packages\urllib3\connectionpool.py", line 467, in _make_request
    six.raise_from(e, None)
  File "<string>", line 3, in raise_from
  File "C:\Users\Saffan\AppData\Local\Packages\PythonSoftwareFoundation.Python.3.12_qbz5n2kfra8p0\LocalCache\local-packages\Python312\site-packages\urllib3\connectionpool.py", line 462, in _make_request
    httplib_response = conn.getresponse()
                       ^^^^^^^^^^^^^^^^^^
  File "C:\Program Files\WindowsApps\PythonSoftwareFoundation.Python.3.12_3.12.2800.0_x64__qbz5n2kfra8p0\Lib\http\client.py", line 1430, in getresponse
    response.begin()
  File "C:\Program Files\WindowsApps\PythonSoftwareFoundation.Python.3.12_3.12.2800.0_x64__qbz5n2kfra8p0\Lib\http\client.py", line 331, in begin
    version, status, reason = self._read_status()
                              ^^^^^^^^^^^^^^^^^^^
  File "C:\Program Files\WindowsApps\PythonSoftwareFoundation.Python.3.12_3.12.2800.0_x64__qbz5n2kfra8p0\Lib\http\client.py", line 300, in _read_status
    raise RemoteDisconnected("Remote end closed connection without"
urllib3.exceptions.ProtocolError: ('Connection aborted.', RemoteDisconnected('Remote end closed connection without response'))

The above exception was the direct cause of the following exception:

Traceback (most recent call last):
  File "C:\Users\Saffan\AppData\Local\Packages\PythonSoftwareFoundation.Python.3.12_qbz5n2kfra8p0\LocalCache\local-packages\Python312\site-packages\telegram\ext\updater.py", line 646, in _network_loop_retry
    if not action_cb():
           ^^^^^^^^^^^
  File "C:\Users\Saffan\AppData\Local\Packages\PythonSoftwareFoundation.Python.3.12_qbz5n2kfra8p0\LocalCache\local-packages\Python312\site-packages\telegram\ext\updater.py", line 597, in polling_action_cb
    updates = self.bot.get_updates(
              ^^^^^^^^^^^^^^^^^^^^^
  File "C:\Users\Saffan\AppData\Local\Packages\PythonSoftwareFoundation.Python.3.12_qbz5n2kfra8p0\LocalCache\local-packages\Python312\site-packages\telegram\ext\extbot.py", line 222, in get_updates
    updates = super().get_updates(
              ^^^^^^^^^^^^^^^^^^^^
  File "C:\Users\Saffan\AppData\Local\Packages\PythonSoftwareFoundation.Python.3.12_qbz5n2kfra8p0\LocalCache\local-packages\Python312\site-packages\telegram\bot.py", line 130, in decorator
    result = func(*args, **kwargs)
             ^^^^^^^^^^^^^^^^^^^^^
  File "C:\Users\Saffan\AppData\Local\Packages\PythonSoftwareFoundation.Python.3.12_qbz5n2kfra8p0\LocalCache\local-packages\Python312\site-packages\telegram\bot.py", line 2861, in get_updates
    self._post(
  File "C:\Users\Saffan\AppData\Local\Packages\PythonSoftwareFoundation.Python.3.12_qbz5n2kfra8p0\LocalCache\local-packages\Python312\site-packages\telegram\bot.py", line 295, in _post
    return self.request.post(
           ^^^^^^^^^^^^^^^^^^
  File "C:\Users\Saffan\AppData\Local\Packages\PythonSoftwareFoundation.Python.3.12_qbz5n2kfra8p0\LocalCache\local-packages\Python312\site-packages\telegram\utils\request.py", line 356, in post
    result = self._request_wrapper(
             ^^^^^^^^^^^^^^^^^^^^^^
  File "C:\Users\Saffan\AppData\Local\Packages\PythonSoftwareFoundation.Python.3.12_qbz5n2kfra8p0\LocalCache\local-packages\Python312\site-packages\telegram\utils\request.py", line 265, in _request_wrapper
    raise NetworkError(f'urllib3 HTTPError {error}') from error
telegram.error.NetworkError: urllib3 HTTPError ('Connection aborted.', RemoteDisconnected('Remote end closed connection without response'))
2025-04-18 11:15:23,032 - telegram.bot - DEBUG - Entering: get_updates
2025-04-18 11:15:23,032 - urllib3.connectionpool - DEBUG - Starting new HTTPS connection (4): api.telegram.org:443
2025-04-18 11:15:34,345 - urllib3.connectionpool - DEBUG - https://api.telegram.org:443 "POST /bot8173338125:AAHhqToLjhSy5Fd6xphq_iwaKNFF0CnJg1g/getUpdates HTTP/1.1" 200 23
2025-04-18 11:15:34,345 - telegram.bot - DEBUG - No new updates found.
2025-04-18 11:15:34,345 - telegram.bot - DEBUG - []
2025-04-18 11:15:34,345 - telegram.bot - DEBUG - Exiting: get_updates
2025-04-18 11:15:34,345 - telegram.bot - DEBUG - Entering: get_updates
2025-04-18 11:15:44,622 - urllib3.connectionpool - DEBUG - https://api.telegram.org:443 "POST /bot8173338125:AAHhqToLjhSy5Fd6xphq_iwaKNFF0CnJg1g/getUpdates HTTP/1.1" 200 23
2025-04-18 11:15:44,622 - telegram.bot - DEBUG - No new updates found.
2025-04-18 11:15:44,622 - telegram.bot - DEBUG - []
2025-04-18 11:15:44,622 - telegram.bot - DEBUG - Exiting: get_updates
2025-04-18 11:15:44,622 - telegram.bot - DEBUG - Entering: get_updates
2025-04-18 11:15:54,980 - urllib3.connectionpool - DEBUG - https://api.telegram.org:443 "POST /bot8173338125:AAHhqToLjhSy5Fd6xphq_iwaKNFF0CnJg1g/getUpdates HTTP/1.1" 200 23
2025-04-18 11:15:54,980 - telegram.bot - DEBUG - No new updates found.
2025-04-18 11:15:54,980 - telegram.bot - DEBUG - []
2025-04-18 11:15:54,980 - telegram.bot - DEBUG - Exiting: get_updates
2025-04-18 11:15:54,980 - telegram.bot - DEBUG - Entering: get_updates
2025-04-18 11:16:05,248 - urllib3.connectionpool - DEBUG - https://api.telegram.org:443 "POST /bot8173338125:AAHhqToLjhSy5Fd6xphq_iwaKNFF0CnJg1g/getUpdates HTTP/1.1" 200 23
2025-04-18 11:16:05,248 - telegram.bot - DEBUG - No new updates found.
2025-04-18 11:16:05,248 - telegram.bot - DEBUG - []
2025-04-18 11:16:05,250 - telegram.bot - DEBUG - Exiting: get_updates
2025-04-18 11:16:05,250 - telegram.bot - DEBUG - Entering: get_updates
2025-04-18 11:16:15,558 - urllib3.connectionpool - DEBUG - https://api.telegram.org:443 "POST /bot8173338125:AAHhqToLjhSy5Fd6xphq_iwaKNFF0CnJg1g/getUpdates HTTP/1.1" 200 23
2025-04-18 11:16:15,558 - telegram.bot - DEBUG - No new updates found.
2025-04-18 11:16:15,558 - telegram.bot - DEBUG - []
2025-04-18 11:16:15,558 - telegram.bot - DEBUG - Exiting: get_updates
2025-04-18 11:16:15,558 - telegram.bot - DEBUG - Entering: get_updates
2025-04-18 11:16:25,817 - urllib3.connectionpool - DEBUG - https://api.telegram.org:443 "POST /bot8173338125:AAHhqToLjhSy5Fd6xphq_iwaKNFF0CnJg1g/getUpdates HTTP/1.1" 200 23
2025-04-18 11:16:25,818 - telegram.bot - DEBUG - No new updates found.
2025-04-18 11:16:25,818 - telegram.bot - DEBUG - []
2025-04-18 11:16:25,818 - telegram.bot - DEBUG - Exiting: get_updates
2025-04-18 11:16:25,818 - telegram.bot - DEBUG - Entering: get_updates
2025-04-18 11:16:36,135 - urllib3.connectionpool - DEBUG - https://api.telegram.org:443 "POST /bot8173338125:AAHhqToLjhSy5Fd6xphq_iwaKNFF0CnJg1g/getUpdates HTTP/1.1" 200 23
2025-04-18 11:16:36,136 - telegram.bot - DEBUG - No new updates found.
2025-04-18 11:16:36,136 - telegram.bot - DEBUG - []
2025-04-18 11:16:36,137 - telegram.bot - DEBUG - Exiting: get_updates
2025-04-18 11:16:36,137 - telegram.bot - DEBUG - Entering: get_updates
2025-04-18 11:16:46,399 - urllib3.connectionpool - DEBUG - https://api.telegram.org:443 "POST /bot8173338125:AAHhqToLjhSy5Fd6xphq_iwaKNFF0CnJg1g/getUpdates HTTP/1.1" 200 23
2025-04-18 11:16:46,400 - telegram.bot - DEBUG - No new updates found.
2025-04-18 11:16:46,401 - telegram.bot - DEBUG - []
2025-04-18 11:16:46,401 - telegram.bot - DEBUG - Exiting: get_updates
2025-04-18 11:16:46,401 - telegram.bot - DEBUG - Entering: get_updates
2025-04-18 11:16:56,666 - urllib3.connectionpool - DEBUG - https://api.telegram.org:443 "POST /bot8173338125:AAHhqToLjhSy5Fd6xphq_iwaKNFF0CnJg1g/getUpdates HTTP/1.1" 200 23
2025-04-18 11:16:56,667 - telegram.bot - DEBUG - No new updates found.
2025-04-18 11:16:56,668 - telegram.bot - DEBUG - []
2025-04-18 11:16:56,669 - telegram.bot - DEBUG - Exiting: get_updates
2025-04-18 11:16:56,670 - telegram.bot - DEBUG - Entering: get_updates
2025-04-18 11:17:06,957 - urllib3.connectionpool - DEBUG - https://api.telegram.org:443 "POST /bot8173338125:AAHhqToLjhSy5Fd6xphq_iwaKNFF0CnJg1g/getUpdates HTTP/1.1" 200 23
2025-04-18 11:17:06,959 - telegram.bot - DEBUG - No new updates found.
2025-04-18 11:17:06,959 - telegram.bot - DEBUG - []
2025-04-18 11:17:06,960 - telegram.bot - DEBUG - Exiting: get_updates
2025-04-18 11:17:06,960 - telegram.bot - DEBUG - Entering: get_updates
2025-04-18 11:17:17,216 - urllib3.connectionpool - DEBUG - https://api.telegram.org:443 "POST /bot8173338125:AAHhqToLjhSy5Fd6xphq_iwaKNFF0CnJg1g/getUpdates HTTP/1.1" 200 23
2025-04-18 11:17:17,216 - telegram.bot - DEBUG - No new updates found.
2025-04-18 11:17:17,216 - telegram.bot - DEBUG - []
2025-04-18 11:17:17,216 - telegram.bot - DEBUG - Exiting: get_updates
2025-04-18 11:17:17,216 - telegram.bot - DEBUG - Entering: get_updates
2025-04-18 11:17:27,479 - urllib3.connectionpool - DEBUG - https://api.telegram.org:443 "POST /bot8173338125:AAHhqToLjhSy5Fd6xphq_iwaKNFF0CnJg1g/getUpdates HTTP/1.1" 200 23
2025-04-18 11:17:27,479 - telegram.bot - DEBUG - No new updates found.
2025-04-18 11:17:27,479 - telegram.bot - DEBUG - []
2025-04-18 11:17:27,479 - telegram.bot - DEBUG - Exiting: get_updates
2025-04-18 11:17:27,479 - telegram.bot - DEBUG - Entering: get_updates
2025-04-18 11:17:37,740 - urllib3.connectionpool - DEBUG - https://api.telegram.org:443 "POST /bot8173338125:AAHhqToLjhSy5Fd6xphq_iwaKNFF0CnJg1g/getUpdates HTTP/1.1" 200 23
2025-04-18 11:17:37,742 - telegram.bot - DEBUG - No new updates found.
2025-04-18 11:17:37,742 - telegram.bot - DEBUG - []
2025-04-18 11:17:37,743 - telegram.bot - DEBUG - Exiting: get_updates
2025-04-18 11:17:37,743 - telegram.bot - DEBUG - Entering: get_updates
2025-04-18 11:17:48,020 - urllib3.connectionpool - DEBUG - https://api.telegram.org:443 "POST /bot8173338125:AAHhqToLjhSy5Fd6xphq_iwaKNFF0CnJg1g/getUpdates HTTP/1.1" 200 23
2025-04-18 11:17:48,021 - telegram.bot - DEBUG - No new updates found.
2025-04-18 11:17:48,022 - telegram.bot - DEBUG - []
2025-04-18 11:17:48,022 - telegram.bot - DEBUG - Exiting: get_updates
2025-04-18 11:17:48,022 - telegram.bot - DEBUG - Entering: get_updates
2025-04-18 11:17:58,362 - urllib3.connectionpool - DEBUG - https://api.telegram.org:443 "POST /bot8173338125:AAHhqToLjhSy5Fd6xphq_iwaKNFF0CnJg1g/getUpdates HTTP/1.1" 200 23
2025-04-18 11:17:58,364 - telegram.bot - DEBUG - No new updates found.
2025-04-18 11:17:58,365 - telegram.bot - DEBUG - []
2025-04-18 11:17:58,365 - telegram.bot - DEBUG - Exiting: get_updates
2025-04-18 11:17:58,366 - telegram.bot - DEBUG - Entering: get_updates
2025-04-18 11:18:08,626 - urllib3.connectionpool - DEBUG - https://api.telegram.org:443 "POST /bot8173338125:AAHhqToLjhSy5Fd6xphq_iwaKNFF0CnJg1g/getUpdates HTTP/1.1" 200 23
2025-04-18 11:18:08,627 - telegram.bot - DEBUG - No new updates found.
2025-04-18 11:18:08,627 - telegram.bot - DEBUG - []
2025-04-18 11:18:08,627 - telegram.bot - DEBUG - Exiting: get_updates
2025-04-18 11:18:08,628 - telegram.bot - DEBUG - Entering: get_updates
2025-04-18 11:18:18,890 - urllib3.connectionpool - DEBUG - https://api.telegram.org:443 "POST /bot8173338125:AAHhqToLjhSy5Fd6xphq_iwaKNFF0CnJg1g/getUpdates HTTP/1.1" 200 23
2025-04-18 11:18:18,890 - telegram.bot - DEBUG - No new updates found.
2025-04-18 11:18:18,892 - telegram.bot - DEBUG - []
2025-04-18 11:18:18,892 - telegram.bot - DEBUG - Exiting: get_updates
2025-04-18 11:18:18,893 - telegram.bot - DEBUG - Entering: get_updates
2025-04-18 11:18:29,186 - urllib3.connectionpool - DEBUG - https://api.telegram.org:443 "POST /bot8173338125:AAHhqToLjhSy5Fd6xphq_iwaKNFF0CnJg1g/getUpdates HTTP/1.1" 200 23
2025-04-18 11:18:29,187 - telegram.bot - DEBUG - No new updates found.
2025-04-18 11:18:29,188 - telegram.bot - DEBUG - []
2025-04-18 11:18:29,188 - telegram.bot - DEBUG - Exiting: get_updates
2025-04-18 11:18:29,188 - telegram.bot - DEBUG - Entering: get_updates
2025-04-18 11:18:39,528 - urllib3.connectionpool - DEBUG - https://api.telegram.org:443 "POST /bot8173338125:AAHhqToLjhSy5Fd6xphq_iwaKNFF0CnJg1g/getUpdates HTTP/1.1" 200 23
2025-04-18 11:18:39,529 - telegram.bot - DEBUG - No new updates found.
2025-04-18 11:18:39,530 - telegram.bot - DEBUG - []
2025-04-18 11:18:39,530 - telegram.bot - DEBUG - Exiting: get_updates
2025-04-18 11:18:39,531 - telegram.bot - DEBUG - Entering: get_updates
2025-04-18 11:18:49,871 - urllib3.connectionpool - DEBUG - https://api.telegram.org:443 "POST /bot8173338125:AAHhqToLjhSy5Fd6xphq_iwaKNFF0CnJg1g/getUpdates HTTP/1.1" 200 23
2025-04-18 11:18:49,872 - telegram.bot - DEBUG - No new updates found.
2025-04-18 11:18:49,872 - telegram.bot - DEBUG - []
2025-04-18 11:18:49,873 - telegram.bot - DEBUG - Exiting: get_updates
2025-04-18 11:18:49,873 - telegram.bot - DEBUG - Entering: get_updates
2025-04-18 11:19:00,268 - urllib3.connectionpool - DEBUG - https://api.telegram.org:443 "POST /bot8173338125:AAHhqToLjhSy5Fd6xphq_iwaKNFF0CnJg1g/getUpdates HTTP/1.1" 200 23
2025-04-18 11:19:00,269 - telegram.bot - DEBUG - No new updates found.
2025-04-18 11:19:00,270 - telegram.bot - DEBUG - []
2025-04-18 11:19:00,271 - telegram.bot - DEBUG - Exiting: get_updates
2025-04-18 11:19:00,271 - telegram.bot - DEBUG - Entering: get_updates
2025-04-18 11:19:10,556 - urllib3.connectionpool - DEBUG - https://api.telegram.org:443 "POST /bot8173338125:AAHhqToLjhSy5Fd6xphq_iwaKNFF0CnJg1g/getUpdates HTTP/1.1" 200 23
2025-04-18 11:19:10,556 - telegram.bot - DEBUG - No new updates found.
2025-04-18 11:19:10,556 - telegram.bot - DEBUG - []
2025-04-18 11:19:10,556 - telegram.bot - DEBUG - Exiting: get_updates
2025-04-18 11:19:10,556 - telegram.bot - DEBUG - Entering: get_updates
2025-04-18 11:19:20,898 - urllib3.connectionpool - DEBUG - https://api.telegram.org:443 "POST /bot8173338125:AAHhqToLjhSy5Fd6xphq_iwaKNFF0CnJg1g/getUpdates HTTP/1.1" 200 23
2025-04-18 11:19:20,899 - telegram.bot - DEBUG - No new updates found.
2025-04-18 11:19:20,900 - telegram.bot - DEBUG - []
2025-04-18 11:19:20,900 - telegram.bot - DEBUG - Exiting: get_updates
2025-04-18 11:19:20,901 - telegram.bot - DEBUG - Entering: get_updates
2025-04-18 11:19:31,160 - urllib3.connectionpool - DEBUG - https://api.telegram.org:443 "POST /bot8173338125:AAHhqToLjhSy5Fd6xphq_iwaKNFF0CnJg1g/getUpdates HTTP/1.1" 200 23
2025-04-18 11:19:31,161 - telegram.bot - DEBUG - No new updates found.
2025-04-18 11:19:31,162 - telegram.bot - DEBUG - []
2025-04-18 11:19:31,162 - telegram.bot - DEBUG - Exiting: get_updates
2025-04-18 11:19:31,162 - telegram.bot - DEBUG - Entering: get_updates
2025-04-18 11:19:41,425 - urllib3.connectionpool - DEBUG - https://api.telegram.org:443 "POST /bot8173338125:AAHhqToLjhSy5Fd6xphq_iwaKNFF0CnJg1g/getUpdates HTTP/1.1" 200 23
2025-04-18 11:19:41,426 - telegram.bot - DEBUG - No new updates found.
2025-04-18 11:19:41,427 - telegram.bot - DEBUG - []
2025-04-18 11:19:41,427 - telegram.bot - DEBUG - Exiting: get_updates
2025-04-18 11:19:41,428 - telegram.bot - DEBUG - Entering: get_updates
2025-04-18 11:19:51,721 - urllib3.connectionpool - DEBUG - https://api.telegram.org:443 "POST /bot8173338125:AAHhqToLjhSy5Fd6xphq_iwaKNFF0CnJg1g/getUpdates HTTP/1.1" 200 23
2025-04-18 11:19:51,722 - telegram.bot - DEBUG - No new updates found.
2025-04-18 11:19:51,722 - telegram.bot - DEBUG - []
2025-04-18 11:19:51,723 - telegram.bot - DEBUG - Exiting: get_updates
2025-04-18 11:19:51,723 - telegram.bot - DEBUG - Entering: get_updates
2025-04-18 11:20:02,064 - urllib3.connectionpool - DEBUG - https://api.telegram.org:443 "POST /bot8173338125:AAHhqToLjhSy5Fd6xphq_iwaKNFF0CnJg1g/getUpdates HTTP/1.1" 200 23
2025-04-18 11:20:02,065 - telegram.bot - DEBUG - No new updates found.
2025-04-18 11:20:02,065 - telegram.bot - DEBUG - []
2025-04-18 11:20:02,065 - telegram.bot - DEBUG - Exiting: get_updates
2025-04-18 11:20:02,066 - telegram.bot - DEBUG - Entering: get_updates
2025-04-18 11:20:12,406 - urllib3.connectionpool - DEBUG - https://api.telegram.org:443 "POST /bot8173338125:AAHhqToLjhSy5Fd6xphq_iwaKNFF0CnJg1g/getUpdates HTTP/1.1" 200 23
2025-04-18 11:20:12,406 - telegram.bot - DEBUG - No new updates found.
2025-04-18 11:20:12,406 - telegram.bot - DEBUG - []
2025-04-18 11:20:12,406 - telegram.bot - DEBUG - Exiting: get_updates
2025-04-18 11:20:12,406 - telegram.bot - DEBUG - Entering: get_updates
2025-04-18 11:20:22,741 - urllib3.connectionpool - DEBUG - https://api.telegram.org:443 "POST /bot8173338125:AAHhqToLjhSy5Fd6xphq_iwaKNFF0CnJg1g/getUpdates HTTP/1.1" 200 23
2025-04-18 11:20:22,741 - telegram.bot - DEBUG - No new updates found.
2025-04-18 11:20:22,751 - telegram.bot - DEBUG - []
2025-04-18 11:20:22,751 - telegram.bot - DEBUG - Exiting: get_updates
2025-04-18 11:20:22,751 - telegram.bot - DEBUG - Entering: get_updates
2025-04-18 11:20:33,085 - urllib3.connectionpool - DEBUG - https://api.telegram.org:443 "POST /bot8173338125:AAHhqToLjhSy5Fd6xphq_iwaKNFF0CnJg1g/getUpdates HTTP/1.1" 200 23
2025-04-18 11:20:33,085 - telegram.bot - DEBUG - No new updates found.
2025-04-18 11:20:33,085 - telegram.bot - DEBUG - []
2025-04-18 11:20:33,085 - telegram.bot - DEBUG - Exiting: get_updates
2025-04-18 11:20:33,085 - telegram.bot - DEBUG - Entering: get_updates
2025-04-18 11:20:43,354 - urllib3.connectionpool - DEBUG - https://api.telegram.org:443 "POST /bot8173338125:AAHhqToLjhSy5Fd6xphq_iwaKNFF0CnJg1g/getUpdates HTTP/1.1" 200 23
2025-04-18 11:20:43,354 - telegram.bot - DEBUG - No new updates found.
2025-04-18 11:20:43,354 - telegram.bot - DEBUG - []
2025-04-18 11:20:43,361 - telegram.bot - DEBUG - Exiting: get_updates
2025-04-18 11:20:43,361 - telegram.bot - DEBUG - Entering: get_updates
2025-04-18 11:20:53,671 - urllib3.connectionpool - DEBUG - https://api.telegram.org:443 "POST /bot8173338125:AAHhqToLjhSy5Fd6xphq_iwaKNFF0CnJg1g/getUpdates HTTP/1.1" 200 23
2025-04-18 11:20:53,671 - telegram.bot - DEBUG - No new updates found.
2025-04-18 11:20:53,671 - telegram.bot - DEBUG - []
2025-04-18 11:20:53,671 - telegram.bot - DEBUG - Exiting: get_updates
2025-04-18 11:20:53,671 - telegram.bot - DEBUG - Entering: get_updates
2025-04-18 11:21:04,035 - urllib3.connectionpool - DEBUG - https://api.telegram.org:443 "POST /bot8173338125:AAHhqToLjhSy5Fd6xphq_iwaKNFF0CnJg1g/getUpdates HTTP/1.1" 200 23
2025-04-18 11:21:04,035 - telegram.bot - DEBUG - No new updates found.
2025-04-18 11:21:04,035 - telegram.bot - DEBUG - []
2025-04-18 11:21:04,035 - telegram.bot - DEBUG - Exiting: get_updates
2025-04-18 11:21:04,035 - telegram.bot - DEBUG - Entering: get_updates
2025-04-18 11:21:14,351 - urllib3.connectionpool - DEBUG - https://api.telegram.org:443 "POST /bot8173338125:AAHhqToLjhSy5Fd6xphq_iwaKNFF0CnJg1g/getUpdates HTTP/1.1" 200 23
2025-04-18 11:21:14,351 - telegram.bot - DEBUG - No new updates found.
2025-04-18 11:21:14,351 - telegram.bot - DEBUG - []
2025-04-18 11:21:14,351 - telegram.bot - DEBUG - Exiting: get_updates
2025-04-18 11:21:14,351 - telegram.bot - DEBUG - Entering: get_updates
2025-04-18 11:21:24,693 - urllib3.connectionpool - DEBUG - https://api.telegram.org:443 "POST /bot8173338125:AAHhqToLjhSy5Fd6xphq_iwaKNFF0CnJg1g/getUpdates HTTP/1.1" 200 23
2025-04-18 11:21:24,693 - telegram.bot - DEBUG - No new updates found.
2025-04-18 11:21:24,693 - telegram.bot - DEBUG - []
2025-04-18 11:21:24,693 - telegram.bot - DEBUG - Exiting: get_updates
2025-04-18 11:21:24,700 - telegram.bot - DEBUG - Entering: get_updates
2025-04-18 11:21:34,960 - urllib3.connectionpool - DEBUG - https://api.telegram.org:443 "POST /bot8173338125:AAHhqToLjhSy5Fd6xphq_iwaKNFF0CnJg1g/getUpdates HTTP/1.1" 200 23
2025-04-18 11:21:34,960 - telegram.bot - DEBUG - No new updates found.
2025-04-18 11:21:34,960 - telegram.bot - DEBUG - []
2025-04-18 11:21:34,960 - telegram.bot - DEBUG - Exiting: get_updates
2025-04-18 11:21:34,960 - telegram.bot - DEBUG - Entering: get_updates
2025-04-18 11:21:45,285 - urllib3.connectionpool - DEBUG - https://api.telegram.org:443 "POST /bot8173338125:AAHhqToLjhSy5Fd6xphq_iwaKNFF0CnJg1g/getUpdates HTTP/1.1" 200 23
2025-04-18 11:21:45,285 - telegram.bot - DEBUG - No new updates found.
2025-04-18 11:21:45,285 - telegram.bot - DEBUG - []
2025-04-18 11:21:45,285 - telegram.bot - DEBUG - Exiting: get_updates
2025-04-18 11:21:45,285 - telegram.bot - DEBUG - Entering: get_updates
2025-04-18 11:21:55,619 - urllib3.connectionpool - DEBUG - https://api.telegram.org:443 "POST /bot8173338125:AAHhqToLjhSy5Fd6xphq_iwaKNFF0CnJg1g/getUpdates HTTP/1.1" 200 23
2025-04-18 11:21:55,619 - telegram.bot - DEBUG - No new updates found.
2025-04-18 11:21:55,619 - telegram.bot - DEBUG - []
2025-04-18 11:21:55,619 - telegram.bot - DEBUG - Exiting: get_updates
2025-04-18 11:21:55,619 - telegram.bot - DEBUG - Entering: get_updates
2025-04-18 11:22:05,887 - urllib3.connectionpool - DEBUG - https://api.telegram.org:443 "POST /bot8173338125:AAHhqToLjhSy5Fd6xphq_iwaKNFF0CnJg1g/getUpdates HTTP/1.1" 200 23
2025-04-18 11:22:05,887 - telegram.bot - DEBUG - No new updates found.
2025-04-18 11:22:05,887 - telegram.bot - DEBUG - []
2025-04-18 11:22:05,887 - telegram.bot - DEBUG - Exiting: get_updates
2025-04-18 11:22:05,887 - telegram.bot - DEBUG - Entering: get_updates
2025-04-18 11:22:16,144 - urllib3.connectionpool - DEBUG - https://api.telegram.org:443 "POST /bot8173338125:AAHhqToLjhSy5Fd6xphq_iwaKNFF0CnJg1g/getUpdates HTTP/1.1" 200 23
2025-04-18 11:22:16,144 - telegram.bot - DEBUG - No new updates found.
2025-04-18 11:22:16,144 - telegram.bot - DEBUG - []
2025-04-18 11:22:16,144 - telegram.bot - DEBUG - Exiting: get_updates
2025-04-18 11:22:16,155 - telegram.bot - DEBUG - Entering: get_updates
2025-04-18 11:22:26,414 - urllib3.connectionpool - DEBUG - https://api.telegram.org:443 "POST /bot8173338125:AAHhqToLjhSy5Fd6xphq_iwaKNFF0CnJg1g/getUpdates HTTP/1.1" 200 23
2025-04-18 11:22:26,414 - telegram.bot - DEBUG - No new updates found.
2025-04-18 11:22:26,414 - telegram.bot - DEBUG - []
2025-04-18 11:22:26,414 - telegram.bot - DEBUG - Exiting: get_updates
2025-04-18 11:22:26,414 - telegram.bot - DEBUG - Entering: get_updates
2025-04-18 11:22:36,892 - urllib3.connectionpool - DEBUG - https://api.telegram.org:443 "POST /bot8173338125:AAHhqToLjhSy5Fd6xphq_iwaKNFF0CnJg1g/getUpdates HTTP/1.1" 200 23
2025-04-18 11:22:36,892 - telegram.bot - DEBUG - No new updates found.
2025-04-18 11:22:36,892 - telegram.bot - DEBUG - []
2025-04-18 11:22:36,892 - telegram.bot - DEBUG - Exiting: get_updates
2025-04-18 11:22:36,892 - telegram.bot - DEBUG - Entering: get_updates
2025-04-18 11:22:47,485 - urllib3.connectionpool - DEBUG - https://api.telegram.org:443 "POST /bot8173338125:AAHhqToLjhSy5Fd6xphq_iwaKNFF0CnJg1g/getUpdates HTTP/1.1" 200 23
2025-04-18 11:22:47,485 - telegram.bot - DEBUG - No new updates found.
2025-04-18 11:22:47,485 - telegram.bot - DEBUG - []
2025-04-18 11:22:47,485 - telegram.bot - DEBUG - Exiting: get_updates
2025-04-18 11:22:47,485 - telegram.bot - DEBUG - Entering: get_updates
